This file contains any messages produced by compilers while
running configure, to aid debugging if configure makes a mistake.

It was created by tmux configure 3.3a, which was
generated by GNU Autoconf 2.69.  Invocation command line was

  $ ./configure --prefix=/root/local

## --------- ##
## Platform. ##
## --------- ##

hostname = interactive75921
uname -m = x86_64
uname -r = 5.4.0-100-generic
uname -s = Linux
uname -v = #113-Ubuntu SMP Thu Feb 3 18:43:29 UTC 2022

/usr/bin/uname -p = x86_64
/bin/uname -X     = unknown

/bin/arch              = x86_64
/usr/bin/arch -k       = unknown
/usr/convex/getsysinfo = unknown
/usr/bin/hostinfo      = unknown
/bin/machine           = unknown
/usr/bin/oslevel       = unknown
/bin/universe          = unknown

PATH: /root/.trae-server/bin/stable-efc2a903c34652aa08a5cb1b775a8c7052cf6934/bin/remote-cli
PATH: /opt/conda/condabin
PATH: /usr/local/sbin
PATH: /usr/local/bin
PATH: /usr/sbin
PATH: /usr/bin
PATH: /sbin
PATH: /bin
PATH: /usr/local/cuda/bin
PATH: /usr/local/cuda/bin


## ----------- ##
## Core tests. ##
## ----------- ##

configure:2393: checking for a BSD-compatible install
configure:2461: result: /usr/bin/install -c
configure:2472: checking whether build environment is sane
configure:2527: result: yes
configure:2678: checking for a thread-safe mkdir -p
configure:2717: result: /usr/bin/mkdir -p
configure:2724: checking for gawk
configure:2754: result: no
configure:2724: checking for mawk
configure:2740: found /usr/bin/mawk
configure:2751: result: mawk
configure:2762: checking whether make sets $(MAKE)
configure:2784: result: yes
configure:2813: checking whether make supports nested variables
configure:2830: result: yes
configure:2961: checking build system type
configure:2975: result: x86_64-pc-linux-gnu
configure:2995: checking host system type
configure:3008: result: x86_64-pc-linux-gnu
configure:3109: checking for gcc
configure:3125: found /usr/bin/gcc
configure:3136: result: gcc
configure:3365: checking for C compiler version
configure:3374: gcc --version >&5
gcc (Ubuntu 11.4.0-1ubuntu1~22.04) 11.4.0
Copyright (C) 2021 Free Software Foundation, Inc.
This is free software; see the source for copying conditions.  There is NO
warranty; not even for MERCHANTABILITY or FITNESS FOR A PARTICULAR PURPOSE.

configure:3385: $? = 0
configure:3374: gcc -v >&5
Using built-in specs.
COLLECT_GCC=gcc
COLLECT_LTO_WRAPPER=/usr/lib/gcc/x86_64-linux-gnu/11/lto-wrapper
OFFLOAD_TARGET_NAMES=nvptx-none:amdgcn-amdhsa
OFFLOAD_TARGET_DEFAULT=1
Target: x86_64-linux-gnu
Configured with: ../src/configure -v --with-pkgversion='Ubuntu 11.4.0-1ubuntu1~22.04' --with-bugurl=file:///usr/share/doc/gcc-11/README.Bugs --enable-languages=c,ada,c++,go,brig,d,fortran,objc,obj-c++,m2 --prefix=/usr --with-gcc-major-version-only --program-suffix=-11 --program-prefix=x86_64-linux-gnu- --enable-shared --enable-linker-build-id --libexecdir=/usr/lib --without-included-gettext --enable-threads=posix --libdir=/usr/lib --enable-nls --enable-bootstrap --enable-clocale=gnu --enable-libstdcxx-debug --enable-libstdcxx-time=yes --with-default-libstdcxx-abi=new --enable-gnu-unique-object --disable-vtable-verify --enable-plugin --enable-default-pie --with-system-zlib --enable-libphobos-checking=release --with-target-system-zlib=auto --enable-objc-gc=auto --enable-multiarch --disable-werror --enable-cet --with-arch-32=i686 --with-abi=m64 --with-multilib-list=m32,m64,mx32 --enable-multilib --with-tune=generic --enable-offload-targets=nvptx-none=/build/gcc-11-XeT9lY/gcc-11-11.4.0/debian/tmp-nvptx/usr,amdgcn-amdhsa=/build/gcc-11-XeT9lY/gcc-11-11.4.0/debian/tmp-gcn/usr --without-cuda-driver --enable-checking=release --build=x86_64-linux-gnu --host=x86_64-linux-gnu --target=x86_64-linux-gnu --with-build-config=bootstrap-lto-lean --enable-link-serialization=2
Thread model: posix
Supported LTO compression algorithms: zlib zstd
gcc version 11.4.0 (Ubuntu 11.4.0-1ubuntu1~22.04) 
... rest of stderr output deleted ...
configure:3385: $? = 0
configure:3374: gcc -V >&5
gcc: error: unrecognized command-line option '-V'
gcc: fatal error: no input files
compilation terminated.
configure:3385: $? = 1
configure:3374: gcc -qversion >&5
gcc: error: unrecognized command-line option '-qversion'; did you mean '--version'?
gcc: fatal error: no input files
compilation terminated.
configure:3385: $? = 1
configure:3405: checking whether the C compiler works
configure:3427: gcc    conftest.c  >&5
configure:3431: $? = 0
configure:3479: result: yes
configure:3482: checking for C compiler default output file name
configure:3484: result: a.out
configure:3490: checking for suffix of executables
configure:3497: gcc -o conftest    conftest.c  >&5
configure:3501: $? = 0
configure:3523: result: 
configure:3545: checking whether we are cross compiling
configure:3553: gcc -o conftest    conftest.c  >&5
configure:3557: $? = 0
configure:3564: ./conftest
configure:3568: $? = 0
configure:3583: result: no
configure:3588: checking for suffix of object files
configure:3610: gcc -c   conftest.c >&5
configure:3614: $? = 0
configure:3635: result: o
configure:3639: checking whether we are using the GNU C compiler
configure:3658: gcc -c   conftest.c >&5
configure:3658: $? = 0
configure:3667: result: yes
configure:3676: checking whether gcc accepts -g
configure:3696: gcc -c -g  conftest.c >&5
configure:3696: $? = 0
configure:3737: result: yes
configure:3754: checking for gcc option to accept ISO C89
configure:3817: gcc  -c   conftest.c >&5
configure:3817: $? = 0
configure:3830: result: none needed
configure:3855: checking whether gcc understands -c and -o together
configure:3877: gcc -c conftest.c -o conftest2.o
configure:3880: $? = 0
configure:3877: gcc -c conftest.c -o conftest2.o
configure:3880: $? = 0
configure:3892: result: yes
configure:3920: checking for style of include used by make
configure:3948: result: GNU
configure:3974: checking dependency style of gcc
configure:4085: result: gcc3
configure:4101: checking for gcc option to accept ISO C99
configure:4250: gcc  -c   conftest.c >&5
configure:4250: $? = 0
configure:4263: result: none needed
configure:4283: checking how to run the C preprocessor
configure:4314: gcc -E  conftest.c
configure:4314: $? = 0
configure:4328: gcc -E  conftest.c
conftest.c:11:10: fatal error: ac_nonexistent.h: No such file or directory
   11 | #include <ac_nonexistent.h>
      |          ^~~~~~~~~~~~~~~~~~
compilation terminated.
configure:4328: $? = 1
configure: failed program was:
| /* confdefs.h */
| #define PACKAGE_NAME "tmux"
| #define PACKAGE_TARNAME "tmux"
| #define PACKAGE_VERSION "3.3a"
| #define PACKAGE_STRING "tmux 3.3a"
| #define PACKAGE_BUGREPORT ""
| #define PACKAGE_URL ""
| #define PACKAGE "tmux"
| #define VERSION "3.3a"
| /* end confdefs.h.  */
| #include <ac_nonexistent.h>
configure:4353: result: gcc -E
configure:4373: gcc -E  conftest.c
configure:4373: $? = 0
configure:4387: gcc -E  conftest.c
conftest.c:11:10: fatal error: ac_nonexistent.h: No such file or directory
   11 | #include <ac_nonexistent.h>
      |          ^~~~~~~~~~~~~~~~~~
compilation terminated.
configure:4387: $? = 1
configure: failed program was:
| /* confdefs.h */
| #define PACKAGE_NAME "tmux"
| #define PACKAGE_TARNAME "tmux"
| #define PACKAGE_VERSION "3.3a"
| #define PACKAGE_STRING "tmux 3.3a"
| #define PACKAGE_BUGREPORT ""
| #define PACKAGE_URL ""
| #define PACKAGE "tmux"
| #define VERSION "3.3a"
| /* end confdefs.h.  */
| #include <ac_nonexistent.h>
configure:4415: checking for grep that handles long lines and -e
configure:4473: result: /usr/bin/grep
configure:4478: checking for egrep
configure:4540: result: /usr/bin/grep -E
configure:4550: checking for bison
configure:4580: result: no
configure:4550: checking for byacc
configure:4580: result: no
configure:4643: checking for pkg-config
configure:4676: result: no
configure:4711: checking for ANSI C header files
configure:4731: gcc -c   conftest.c >&5
configure:4731: $? = 0
configure:4804: gcc -o conftest    conftest.c  >&5
configure:4804: $? = 0
configure:4804: ./conftest
configure:4804: $? = 0
configure:4815: result: yes
configure:4828: checking for sys/types.h
configure:4828: gcc -c   conftest.c >&5
configure:4828: $? = 0
configure:4828: result: yes
configure:4828: checking for sys/stat.h
configure:4828: gcc -c   conftest.c >&5
configure:4828: $? = 0
configure:4828: result: yes
configure:4828: checking for stdlib.h
configure:4828: gcc -c   conftest.c >&5
configure:4828: $? = 0
configure:4828: result: yes
configure:4828: checking for string.h
configure:4828: gcc -c   conftest.c >&5
configure:4828: $? = 0
configure:4828: result: yes
configure:4828: checking for memory.h
configure:4828: gcc -c   conftest.c >&5
configure:4828: $? = 0
configure:4828: result: yes
configure:4828: checking for strings.h
configure:4828: gcc -c   conftest.c >&5
configure:4828: $? = 0
configure:4828: result: yes
configure:4828: checking for inttypes.h
configure:4828: gcc -c   conftest.c >&5
configure:4828: $? = 0
configure:4828: result: yes
configure:4828: checking for stdint.h
configure:4828: gcc -c   conftest.c >&5
configure:4828: $? = 0
configure:4828: result: yes
configure:4828: checking for unistd.h
configure:4828: gcc -c   conftest.c >&5
configure:4828: $? = 0
configure:4828: result: yes
configure:4841: checking minix/config.h usability
configure:4841: gcc -c   conftest.c >&5
conftest.c:54:10: fatal error: minix/config.h: No such file or directory
   54 | #include <minix/config.h>
      |          ^~~~~~~~~~~~~~~~
compilation terminated.
configure:4841: $? = 1
configure: failed program was:
| /* confdefs.h */
| #define PACKAGE_NAME "tmux"
| #define PACKAGE_TARNAME "tmux"
| #define PACKAGE_VERSION "3.3a"
| #define PACKAGE_STRING "tmux 3.3a"
| #define PACKAGE_BUGREPORT ""
| #define PACKAGE_URL ""
| #define PACKAGE "tmux"
| #define VERSION "3.3a"
| #define STDC_HEADERS 1
| #define HAVE_SYS_TYPES_H 1
| #define HAVE_SYS_STAT_H 1
| #define HAVE_STDLIB_H 1
| #define HAVE_STRING_H 1
| #define HAVE_MEMORY_H 1
| #define HAVE_STRINGS_H 1
| #define HAVE_INTTYPES_H 1
| #define HAVE_STDINT_H 1
| #define HAVE_UNISTD_H 1
| /* end confdefs.h.  */
| #include <stdio.h>
| #ifdef HAVE_SYS_TYPES_H
| # include <sys/types.h>
| #endif
| #ifdef HAVE_SYS_STAT_H
| # include <sys/stat.h>
| #endif
| #ifdef STDC_HEADERS
| # include <stdlib.h>
| # include <stddef.h>
| #else
| # ifdef HAVE_STDLIB_H
| #  include <stdlib.h>
| # endif
| #endif
| #ifdef HAVE_STRING_H
| # if !defined STDC_HEADERS && defined HAVE_MEMORY_H
| #  include <memory.h>
| # endif
| # include <string.h>
| #endif
| #ifdef HAVE_STRINGS_H
| # include <strings.h>
| #endif
| #ifdef HAVE_INTTYPES_H
| # include <inttypes.h>
| #endif
| #ifdef HAVE_STDINT_H
| # include <stdint.h>
| #endif
| #ifdef HAVE_UNISTD_H
| # include <unistd.h>
| #endif
| #include <minix/config.h>
configure:4841: result: no
configure:4841: checking minix/config.h presence
configure:4841: gcc -E  conftest.c
conftest.c:21:10: fatal error: minix/config.h: No such file or directory
   21 | #include <minix/config.h>
      |          ^~~~~~~~~~~~~~~~
compilation terminated.
configure:4841: $? = 1
configure: failed program was:
| /* confdefs.h */
| #define PACKAGE_NAME "tmux"
| #define PACKAGE_TARNAME "tmux"
| #define PACKAGE_VERSION "3.3a"
| #define PACKAGE_STRING "tmux 3.3a"
| #define PACKAGE_BUGREPORT ""
| #define PACKAGE_URL ""
| #define PACKAGE "tmux"
| #define VERSION "3.3a"
| #define STDC_HEADERS 1
| #define HAVE_SYS_TYPES_H 1
| #define HAVE_SYS_STAT_H 1
| #define HAVE_STDLIB_H 1
| #define HAVE_STRING_H 1
| #define HAVE_MEMORY_H 1
| #define HAVE_STRINGS_H 1
| #define HAVE_INTTYPES_H 1
| #define HAVE_STDINT_H 1
| #define HAVE_UNISTD_H 1
| /* end confdefs.h.  */
| #include <minix/config.h>
configure:4841: result: no
configure:4841: checking for minix/config.h
configure:4841: result: no
configure:4862: checking whether it is safe to define __EXTENSIONS__
configure:4880: gcc -c   conftest.c >&5
configure:4880: $? = 0
configure:4887: result: yes
configure:5023: checking bitstring.h usability
configure:5023: gcc -c   conftest.c >&5
conftest.c:59:10: fatal error: bitstring.h: No such file or directory
   59 | #include <bitstring.h>
      |          ^~~~~~~~~~~~~
compilation terminated.
configure:5023: $? = 1
configure: failed program was:
| /* confdefs.h */
| #define PACKAGE_NAME "tmux"
| #define PACKAGE_TARNAME "tmux"
| #define PACKAGE_VERSION "3.3a"
| #define PACKAGE_STRING "tmux 3.3a"
| #define PACKAGE_BUGREPORT ""
| #define PACKAGE_URL ""
| #define PACKAGE "tmux"
| #define VERSION "3.3a"
| #define STDC_HEADERS 1
| #define HAVE_SYS_TYPES_H 1
| #define HAVE_SYS_STAT_H 1
| #define HAVE_STDLIB_H 1
| #define HAVE_STRING_H 1
| #define HAVE_MEMORY_H 1
| #define HAVE_STRINGS_H 1
| #define HAVE_INTTYPES_H 1
| #define HAVE_STDINT_H 1
| #define HAVE_UNISTD_H 1
| #define __EXTENSIONS__ 1
| #define _ALL_SOURCE 1
| #define _GNU_SOURCE 1
| #define _POSIX_PTHREAD_SEMANTICS 1
| #define _TANDEM_SOURCE 1
| /* end confdefs.h.  */
| #include <stdio.h>
| #ifdef HAVE_SYS_TYPES_H
| # include <sys/types.h>
| #endif
| #ifdef HAVE_SYS_STAT_H
| # include <sys/stat.h>
| #endif
| #ifdef STDC_HEADERS
| # include <stdlib.h>
| # include <stddef.h>
| #else
| # ifdef HAVE_STDLIB_H
| #  include <stdlib.h>
| # endif
| #endif
| #ifdef HAVE_STRING_H
| # if !defined STDC_HEADERS && defined HAVE_MEMORY_H
| #  include <memory.h>
| # endif
| # include <string.h>
| #endif
| #ifdef HAVE_STRINGS_H
| # include <strings.h>
| #endif
| #ifdef HAVE_INTTYPES_H
| # include <inttypes.h>
| #endif
| #ifdef HAVE_STDINT_H
| # include <stdint.h>
| #endif
| #ifdef HAVE_UNISTD_H
| # include <unistd.h>
| #endif
| #include <bitstring.h>
configure:5023: result: no
configure:5023: checking bitstring.h presence
configure:5023: gcc -E  conftest.c
conftest.c:26:10: fatal error: bitstring.h: No such file or directory
   26 | #include <bitstring.h>
      |          ^~~~~~~~~~~~~
compilation terminated.
configure:5023: $? = 1
configure: failed program was:
| /* confdefs.h */
| #define PACKAGE_NAME "tmux"
| #define PACKAGE_TARNAME "tmux"
| #define PACKAGE_VERSION "3.3a"
| #define PACKAGE_STRING "tmux 3.3a"
| #define PACKAGE_BUGREPORT ""
| #define PACKAGE_URL ""
| #define PACKAGE "tmux"
| #define VERSION "3.3a"
| #define STDC_HEADERS 1
| #define HAVE_SYS_TYPES_H 1
| #define HAVE_SYS_STAT_H 1
| #define HAVE_STDLIB_H 1
| #define HAVE_STRING_H 1
| #define HAVE_MEMORY_H 1
| #define HAVE_STRINGS_H 1
| #define HAVE_INTTYPES_H 1
| #define HAVE_STDINT_H 1
| #define HAVE_UNISTD_H 1
| #define __EXTENSIONS__ 1
| #define _ALL_SOURCE 1
| #define _GNU_SOURCE 1
| #define _POSIX_PTHREAD_SEMANTICS 1
| #define _TANDEM_SOURCE 1
| /* end confdefs.h.  */
| #include <bitstring.h>
configure:5023: result: no
configure:5023: checking for bitstring.h
configure:5023: result: no
configure:5023: checking dirent.h usability
configure:5023: gcc -c   conftest.c >&5
configure:5023: $? = 0
configure:5023: result: yes
configure:5023: checking dirent.h presence
configure:5023: gcc -E  conftest.c
configure:5023: $? = 0
configure:5023: result: yes
configure:5023: checking for dirent.h
configure:5023: result: yes
configure:5023: checking fcntl.h usability
configure:5023: gcc -c   conftest.c >&5
configure:5023: $? = 0
configure:5023: result: yes
configure:5023: checking fcntl.h presence
configure:5023: gcc -E  conftest.c
configure:5023: $? = 0
configure:5023: result: yes
configure:5023: checking for fcntl.h
configure:5023: result: yes
configure:5023: checking for inttypes.h
configure:5023: result: yes
configure:5023: checking libproc.h usability
configure:5023: gcc -c   conftest.c >&5
conftest.c:62:10: fatal error: libproc.h: No such file or directory
   62 | #include <libproc.h>
      |          ^~~~~~~~~~~
compilation terminated.
configure:5023: $? = 1
configure: failed program was:
| /* confdefs.h */
| #define PACKAGE_NAME "tmux"
| #define PACKAGE_TARNAME "tmux"
| #define PACKAGE_VERSION "3.3a"
| #define PACKAGE_STRING "tmux 3.3a"
| #define PACKAGE_BUGREPORT ""
| #define PACKAGE_URL ""
| #define PACKAGE "tmux"
| #define VERSION "3.3a"
| #define STDC_HEADERS 1
| #define HAVE_SYS_TYPES_H 1
| #define HAVE_SYS_STAT_H 1
| #define HAVE_STDLIB_H 1
| #define HAVE_STRING_H 1
| #define HAVE_MEMORY_H 1
| #define HAVE_STRINGS_H 1
| #define HAVE_INTTYPES_H 1
| #define HAVE_STDINT_H 1
| #define HAVE_UNISTD_H 1
| #define __EXTENSIONS__ 1
| #define _ALL_SOURCE 1
| #define _GNU_SOURCE 1
| #define _POSIX_PTHREAD_SEMANTICS 1
| #define _TANDEM_SOURCE 1
| #define HAVE_DIRENT_H 1
| #define HAVE_FCNTL_H 1
| #define HAVE_INTTYPES_H 1
| /* end confdefs.h.  */
| #include <stdio.h>
| #ifdef HAVE_SYS_TYPES_H
| # include <sys/types.h>
| #endif
| #ifdef HAVE_SYS_STAT_H
| # include <sys/stat.h>
| #endif
| #ifdef STDC_HEADERS
| # include <stdlib.h>
| # include <stddef.h>
| #else
| # ifdef HAVE_STDLIB_H
| #  include <stdlib.h>
| # endif
| #endif
| #ifdef HAVE_STRING_H
| # if !defined STDC_HEADERS && defined HAVE_MEMORY_H
| #  include <memory.h>
| # endif
| # include <string.h>
| #endif
| #ifdef HAVE_STRINGS_H
| # include <strings.h>
| #endif
| #ifdef HAVE_INTTYPES_H
| # include <inttypes.h>
| #endif
| #ifdef HAVE_STDINT_H
| # include <stdint.h>
| #endif
| #ifdef HAVE_UNISTD_H
| # include <unistd.h>
| #endif
| #include <libproc.h>
configure:5023: result: no
configure:5023: checking libproc.h presence
configure:5023: gcc -E  conftest.c
conftest.c:29:10: fatal error: libproc.h: No such file or directory
   29 | #include <libproc.h>
      |          ^~~~~~~~~~~
compilation terminated.
configure:5023: $? = 1
configure: failed program was:
| /* confdefs.h */
| #define PACKAGE_NAME "tmux"
| #define PACKAGE_TARNAME "tmux"
| #define PACKAGE_VERSION "3.3a"
| #define PACKAGE_STRING "tmux 3.3a"
| #define PACKAGE_BUGREPORT ""
| #define PACKAGE_URL ""
| #define PACKAGE "tmux"
| #define VERSION "3.3a"
| #define STDC_HEADERS 1
| #define HAVE_SYS_TYPES_H 1
| #define HAVE_SYS_STAT_H 1
| #define HAVE_STDLIB_H 1
| #define HAVE_STRING_H 1
| #define HAVE_MEMORY_H 1
| #define HAVE_STRINGS_H 1
| #define HAVE_INTTYPES_H 1
| #define HAVE_STDINT_H 1
| #define HAVE_UNISTD_H 1
| #define __EXTENSIONS__ 1
| #define _ALL_SOURCE 1
| #define _GNU_SOURCE 1
| #define _POSIX_PTHREAD_SEMANTICS 1
| #define _TANDEM_SOURCE 1
| #define HAVE_DIRENT_H 1
| #define HAVE_FCNTL_H 1
| #define HAVE_INTTYPES_H 1
| /* end confdefs.h.  */
| #include <libproc.h>
configure:5023: result: no
configure:5023: checking for libproc.h
configure:5023: result: no
configure:5023: checking libutil.h usability
configure:5023: gcc -c   conftest.c >&5
conftest.c:62:10: fatal error: libutil.h: No such file or directory
   62 | #include <libutil.h>
      |          ^~~~~~~~~~~
compilation terminated.
configure:5023: $? = 1
configure: failed program was:
| /* confdefs.h */
| #define PACKAGE_NAME "tmux"
| #define PACKAGE_TARNAME "tmux"
| #define PACKAGE_VERSION "3.3a"
| #define PACKAGE_STRING "tmux 3.3a"
| #define PACKAGE_BUGREPORT ""
| #define PACKAGE_URL ""
| #define PACKAGE "tmux"
| #define VERSION "3.3a"
| #define STDC_HEADERS 1
| #define HAVE_SYS_TYPES_H 1
| #define HAVE_SYS_STAT_H 1
| #define HAVE_STDLIB_H 1
| #define HAVE_STRING_H 1
| #define HAVE_MEMORY_H 1
| #define HAVE_STRINGS_H 1
| #define HAVE_INTTYPES_H 1
| #define HAVE_STDINT_H 1
| #define HAVE_UNISTD_H 1
| #define __EXTENSIONS__ 1
| #define _ALL_SOURCE 1
| #define _GNU_SOURCE 1
| #define _POSIX_PTHREAD_SEMANTICS 1
| #define _TANDEM_SOURCE 1
| #define HAVE_DIRENT_H 1
| #define HAVE_FCNTL_H 1
| #define HAVE_INTTYPES_H 1
| /* end confdefs.h.  */
| #include <stdio.h>
| #ifdef HAVE_SYS_TYPES_H
| # include <sys/types.h>
| #endif
| #ifdef HAVE_SYS_STAT_H
| # include <sys/stat.h>
| #endif
| #ifdef STDC_HEADERS
| # include <stdlib.h>
| # include <stddef.h>
| #else
| # ifdef HAVE_STDLIB_H
| #  include <stdlib.h>
| # endif
| #endif
| #ifdef HAVE_STRING_H
| # if !defined STDC_HEADERS && defined HAVE_MEMORY_H
| #  include <memory.h>
| # endif
| # include <string.h>
| #endif
| #ifdef HAVE_STRINGS_H
| # include <strings.h>
| #endif
| #ifdef HAVE_INTTYPES_H
| # include <inttypes.h>
| #endif
| #ifdef HAVE_STDINT_H
| # include <stdint.h>
| #endif
| #ifdef HAVE_UNISTD_H
| # include <unistd.h>
| #endif
| #include <libutil.h>
configure:5023: result: no
configure:5023: checking libutil.h presence
configure:5023: gcc -E  conftest.c
conftest.c:29:10: fatal error: libutil.h: No such file or directory
   29 | #include <libutil.h>
      |          ^~~~~~~~~~~
compilation terminated.
configure:5023: $? = 1
configure: failed program was:
| /* confdefs.h */
| #define PACKAGE_NAME "tmux"
| #define PACKAGE_TARNAME "tmux"
| #define PACKAGE_VERSION "3.3a"
| #define PACKAGE_STRING "tmux 3.3a"
| #define PACKAGE_BUGREPORT ""
| #define PACKAGE_URL ""
| #define PACKAGE "tmux"
| #define VERSION "3.3a"
| #define STDC_HEADERS 1
| #define HAVE_SYS_TYPES_H 1
| #define HAVE_SYS_STAT_H 1
| #define HAVE_STDLIB_H 1
| #define HAVE_STRING_H 1
| #define HAVE_MEMORY_H 1
| #define HAVE_STRINGS_H 1
| #define HAVE_INTTYPES_H 1
| #define HAVE_STDINT_H 1
| #define HAVE_UNISTD_H 1
| #define __EXTENSIONS__ 1
| #define _ALL_SOURCE 1
| #define _GNU_SOURCE 1
| #define _POSIX_PTHREAD_SEMANTICS 1
| #define _TANDEM_SOURCE 1
| #define HAVE_DIRENT_H 1
| #define HAVE_FCNTL_H 1
| #define HAVE_INTTYPES_H 1
| /* end confdefs.h.  */
| #include <libutil.h>
configure:5023: result: no
configure:5023: checking for libutil.h
configure:5023: result: no
configure:5023: checking ndir.h usability
configure:5023: gcc -c   conftest.c >&5
conftest.c:62:10: fatal error: ndir.h: No such file or directory
   62 | #include <ndir.h>
      |          ^~~~~~~~
compilation terminated.
configure:5023: $? = 1
configure: failed program was:
| /* confdefs.h */
| #define PACKAGE_NAME "tmux"
| #define PACKAGE_TARNAME "tmux"
| #define PACKAGE_VERSION "3.3a"
| #define PACKAGE_STRING "tmux 3.3a"
| #define PACKAGE_BUGREPORT ""
| #define PACKAGE_URL ""
| #define PACKAGE "tmux"
| #define VERSION "3.3a"
| #define STDC_HEADERS 1
| #define HAVE_SYS_TYPES_H 1
| #define HAVE_SYS_STAT_H 1
| #define HAVE_STDLIB_H 1
| #define HAVE_STRING_H 1
| #define HAVE_MEMORY_H 1
| #define HAVE_STRINGS_H 1
| #define HAVE_INTTYPES_H 1
| #define HAVE_STDINT_H 1
| #define HAVE_UNISTD_H 1
| #define __EXTENSIONS__ 1
| #define _ALL_SOURCE 1
| #define _GNU_SOURCE 1
| #define _POSIX_PTHREAD_SEMANTICS 1
| #define _TANDEM_SOURCE 1
| #define HAVE_DIRENT_H 1
| #define HAVE_FCNTL_H 1
| #define HAVE_INTTYPES_H 1
| /* end confdefs.h.  */
| #include <stdio.h>
| #ifdef HAVE_SYS_TYPES_H
| # include <sys/types.h>
| #endif
| #ifdef HAVE_SYS_STAT_H
| # include <sys/stat.h>
| #endif
| #ifdef STDC_HEADERS
| # include <stdlib.h>
| # include <stddef.h>
| #else
| # ifdef HAVE_STDLIB_H
| #  include <stdlib.h>
| # endif
| #endif
| #ifdef HAVE_STRING_H
| # if !defined STDC_HEADERS && defined HAVE_MEMORY_H
| #  include <memory.h>
| # endif
| # include <string.h>
| #endif
| #ifdef HAVE_STRINGS_H
| # include <strings.h>
| #endif
| #ifdef HAVE_INTTYPES_H
| # include <inttypes.h>
| #endif
| #ifdef HAVE_STDINT_H
| # include <stdint.h>
| #endif
| #ifdef HAVE_UNISTD_H
| # include <unistd.h>
| #endif
| #include <ndir.h>
configure:5023: result: no
configure:5023: checking ndir.h presence
configure:5023: gcc -E  conftest.c
conftest.c:29:10: fatal error: ndir.h: No such file or directory
   29 | #include <ndir.h>
      |          ^~~~~~~~
compilation terminated.
configure:5023: $? = 1
configure: failed program was:
| /* confdefs.h */
| #define PACKAGE_NAME "tmux"
| #define PACKAGE_TARNAME "tmux"
| #define PACKAGE_VERSION "3.3a"
| #define PACKAGE_STRING "tmux 3.3a"
| #define PACKAGE_BUGREPORT ""
| #define PACKAGE_URL ""
| #define PACKAGE "tmux"
| #define VERSION "3.3a"
| #define STDC_HEADERS 1
| #define HAVE_SYS_TYPES_H 1
| #define HAVE_SYS_STAT_H 1
| #define HAVE_STDLIB_H 1
| #define HAVE_STRING_H 1
| #define HAVE_MEMORY_H 1
| #define HAVE_STRINGS_H 1
| #define HAVE_INTTYPES_H 1
| #define HAVE_STDINT_H 1
| #define HAVE_UNISTD_H 1
| #define __EXTENSIONS__ 1
| #define _ALL_SOURCE 1
| #define _GNU_SOURCE 1
| #define _POSIX_PTHREAD_SEMANTICS 1
| #define _TANDEM_SOURCE 1
| #define HAVE_DIRENT_H 1
| #define HAVE_FCNTL_H 1
| #define HAVE_INTTYPES_H 1
| /* end confdefs.h.  */
| #include <ndir.h>
configure:5023: result: no
configure:5023: checking for ndir.h
configure:5023: result: no
configure:5023: checking paths.h usability
configure:5023: gcc -c   conftest.c >&5
configure:5023: $? = 0
configure:5023: result: yes
configure:5023: checking paths.h presence
configure:5023: gcc -E  conftest.c
configure:5023: $? = 0
configure:5023: result: yes
configure:5023: checking for paths.h
configure:5023: result: yes
configure:5023: checking pty.h usability
configure:5023: gcc -c   conftest.c >&5
configure:5023: $? = 0
configure:5023: result: yes
configure:5023: checking pty.h presence
configure:5023: gcc -E  conftest.c
configure:5023: $? = 0
configure:5023: result: yes
configure:5023: checking for pty.h
configure:5023: result: yes
configure:5023: checking for stdint.h
configure:5023: result: yes
configure:5023: checking sys/dir.h usability
configure:5023: gcc -c   conftest.c >&5
configure:5023: $? = 0
configure:5023: result: yes
configure:5023: checking sys/dir.h presence
configure:5023: gcc -E  conftest.c
configure:5023: $? = 0
configure:5023: result: yes
configure:5023: checking for sys/dir.h
configure:5023: result: yes
configure:5023: checking sys/ndir.h usability
configure:5023: gcc -c   conftest.c >&5
conftest.c:66:10: fatal error: sys/ndir.h: No such file or directory
   66 | #include <sys/ndir.h>
      |          ^~~~~~~~~~~~
compilation terminated.
configure:5023: $? = 1
configure: failed program was:
| /* confdefs.h */
| #define PACKAGE_NAME "tmux"
| #define PACKAGE_TARNAME "tmux"
| #define PACKAGE_VERSION "3.3a"
| #define PACKAGE_STRING "tmux 3.3a"
| #define PACKAGE_BUGREPORT ""
| #define PACKAGE_URL ""
| #define PACKAGE "tmux"
| #define VERSION "3.3a"
| #define STDC_HEADERS 1
| #define HAVE_SYS_TYPES_H 1
| #define HAVE_SYS_STAT_H 1
| #define HAVE_STDLIB_H 1
| #define HAVE_STRING_H 1
| #define HAVE_MEMORY_H 1
| #define HAVE_STRINGS_H 1
| #define HAVE_INTTYPES_H 1
| #define HAVE_STDINT_H 1
| #define HAVE_UNISTD_H 1
| #define __EXTENSIONS__ 1
| #define _ALL_SOURCE 1
| #define _GNU_SOURCE 1
| #define _POSIX_PTHREAD_SEMANTICS 1
| #define _TANDEM_SOURCE 1
| #define HAVE_DIRENT_H 1
| #define HAVE_FCNTL_H 1
| #define HAVE_INTTYPES_H 1
| #define HAVE_PATHS_H 1
| #define HAVE_PTY_H 1
| #define HAVE_STDINT_H 1
| #define HAVE_SYS_DIR_H 1
| /* end confdefs.h.  */
| #include <stdio.h>
| #ifdef HAVE_SYS_TYPES_H
| # include <sys/types.h>
| #endif
| #ifdef HAVE_SYS_STAT_H
| # include <sys/stat.h>
| #endif
| #ifdef STDC_HEADERS
| # include <stdlib.h>
| # include <stddef.h>
| #else
| # ifdef HAVE_STDLIB_H
| #  include <stdlib.h>
| # endif
| #endif
| #ifdef HAVE_STRING_H
| # if !defined STDC_HEADERS && defined HAVE_MEMORY_H
| #  include <memory.h>
| # endif
| # include <string.h>
| #endif
| #ifdef HAVE_STRINGS_H
| # include <strings.h>
| #endif
| #ifdef HAVE_INTTYPES_H
| # include <inttypes.h>
| #endif
| #ifdef HAVE_STDINT_H
| # include <stdint.h>
| #endif
| #ifdef HAVE_UNISTD_H
| # include <unistd.h>
| #endif
| #include <sys/ndir.h>
configure:5023: result: no
configure:5023: checking sys/ndir.h presence
configure:5023: gcc -E  conftest.c
conftest.c:33:10: fatal error: sys/ndir.h: No such file or directory
   33 | #include <sys/ndir.h>
      |          ^~~~~~~~~~~~
compilation terminated.
configure:5023: $? = 1
configure: failed program was:
| /* confdefs.h */
| #define PACKAGE_NAME "tmux"
| #define PACKAGE_TARNAME "tmux"
| #define PACKAGE_VERSION "3.3a"
| #define PACKAGE_STRING "tmux 3.3a"
| #define PACKAGE_BUGREPORT ""
| #define PACKAGE_URL ""
| #define PACKAGE "tmux"
| #define VERSION "3.3a"
| #define STDC_HEADERS 1
| #define HAVE_SYS_TYPES_H 1
| #define HAVE_SYS_STAT_H 1
| #define HAVE_STDLIB_H 1
| #define HAVE_STRING_H 1
| #define HAVE_MEMORY_H 1
| #define HAVE_STRINGS_H 1
| #define HAVE_INTTYPES_H 1
| #define HAVE_STDINT_H 1
| #define HAVE_UNISTD_H 1
| #define __EXTENSIONS__ 1
| #define _ALL_SOURCE 1
| #define _GNU_SOURCE 1
| #define _POSIX_PTHREAD_SEMANTICS 1
| #define _TANDEM_SOURCE 1
| #define HAVE_DIRENT_H 1
| #define HAVE_FCNTL_H 1
| #define HAVE_INTTYPES_H 1
| #define HAVE_PATHS_H 1
| #define HAVE_PTY_H 1
| #define HAVE_STDINT_H 1
| #define HAVE_SYS_DIR_H 1
| /* end confdefs.h.  */
| #include <sys/ndir.h>
configure:5023: result: no
configure:5023: checking for sys/ndir.h
configure:5023: result: no
configure:5023: checking sys/tree.h usability
configure:5023: gcc -c   conftest.c >&5
conftest.c:66:10: fatal error: sys/tree.h: No such file or directory
   66 | #include <sys/tree.h>
      |          ^~~~~~~~~~~~
compilation terminated.
configure:5023: $? = 1
configure: failed program was:
| /* confdefs.h */
| #define PACKAGE_NAME "tmux"
| #define PACKAGE_TARNAME "tmux"
| #define PACKAGE_VERSION "3.3a"
| #define PACKAGE_STRING "tmux 3.3a"
| #define PACKAGE_BUGREPORT ""
| #define PACKAGE_URL ""
| #define PACKAGE "tmux"
| #define VERSION "3.3a"
| #define STDC_HEADERS 1
| #define HAVE_SYS_TYPES_H 1
| #define HAVE_SYS_STAT_H 1
| #define HAVE_STDLIB_H 1
| #define HAVE_STRING_H 1
| #define HAVE_MEMORY_H 1
| #define HAVE_STRINGS_H 1
| #define HAVE_INTTYPES_H 1
| #define HAVE_STDINT_H 1
| #define HAVE_UNISTD_H 1
| #define __EXTENSIONS__ 1
| #define _ALL_SOURCE 1
| #define _GNU_SOURCE 1
| #define _POSIX_PTHREAD_SEMANTICS 1
| #define _TANDEM_SOURCE 1
| #define HAVE_DIRENT_H 1
| #define HAVE_FCNTL_H 1
| #define HAVE_INTTYPES_H 1
| #define HAVE_PATHS_H 1
| #define HAVE_PTY_H 1
| #define HAVE_STDINT_H 1
| #define HAVE_SYS_DIR_H 1
| /* end confdefs.h.  */
| #include <stdio.h>
| #ifdef HAVE_SYS_TYPES_H
| # include <sys/types.h>
| #endif
| #ifdef HAVE_SYS_STAT_H
| # include <sys/stat.h>
| #endif
| #ifdef STDC_HEADERS
| # include <stdlib.h>
| # include <stddef.h>
| #else
| # ifdef HAVE_STDLIB_H
| #  include <stdlib.h>
| # endif
| #endif
| #ifdef HAVE_STRING_H
| # if !defined STDC_HEADERS && defined HAVE_MEMORY_H
| #  include <memory.h>
| # endif
| # include <string.h>
| #endif
| #ifdef HAVE_STRINGS_H
| # include <strings.h>
| #endif
| #ifdef HAVE_INTTYPES_H
| # include <inttypes.h>
| #endif
| #ifdef HAVE_STDINT_H
| # include <stdint.h>
| #endif
| #ifdef HAVE_UNISTD_H
| # include <unistd.h>
| #endif
| #include <sys/tree.h>
configure:5023: result: no
configure:5023: checking sys/tree.h presence
configure:5023: gcc -E  conftest.c
conftest.c:33:10: fatal error: sys/tree.h: No such file or directory
   33 | #include <sys/tree.h>
      |          ^~~~~~~~~~~~
compilation terminated.
configure:5023: $? = 1
configure: failed program was:
| /* confdefs.h */
| #define PACKAGE_NAME "tmux"
| #define PACKAGE_TARNAME "tmux"
| #define PACKAGE_VERSION "3.3a"
| #define PACKAGE_STRING "tmux 3.3a"
| #define PACKAGE_BUGREPORT ""
| #define PACKAGE_URL ""
| #define PACKAGE "tmux"
| #define VERSION "3.3a"
| #define STDC_HEADERS 1
| #define HAVE_SYS_TYPES_H 1
| #define HAVE_SYS_STAT_H 1
| #define HAVE_STDLIB_H 1
| #define HAVE_STRING_H 1
| #define HAVE_MEMORY_H 1
| #define HAVE_STRINGS_H 1
| #define HAVE_INTTYPES_H 1
| #define HAVE_STDINT_H 1
| #define HAVE_UNISTD_H 1
| #define __EXTENSIONS__ 1
| #define _ALL_SOURCE 1
| #define _GNU_SOURCE 1
| #define _POSIX_PTHREAD_SEMANTICS 1
| #define _TANDEM_SOURCE 1
| #define HAVE_DIRENT_H 1
| #define HAVE_FCNTL_H 1
| #define HAVE_INTTYPES_H 1
| #define HAVE_PATHS_H 1
| #define HAVE_PTY_H 1
| #define HAVE_STDINT_H 1
| #define HAVE_SYS_DIR_H 1
| /* end confdefs.h.  */
| #include <sys/tree.h>
configure:5023: result: no
configure:5023: checking for sys/tree.h
configure:5023: result: no
configure:5023: checking ucred.h usability
configure:5023: gcc -c   conftest.c >&5
conftest.c:66:10: fatal error: ucred.h: No such file or directory
   66 | #include <ucred.h>
      |          ^~~~~~~~~
compilation terminated.
configure:5023: $? = 1
configure: failed program was:
| /* confdefs.h */
| #define PACKAGE_NAME "tmux"
| #define PACKAGE_TARNAME "tmux"
| #define PACKAGE_VERSION "3.3a"
| #define PACKAGE_STRING "tmux 3.3a"
| #define PACKAGE_BUGREPORT ""
| #define PACKAGE_URL ""
| #define PACKAGE "tmux"
| #define VERSION "3.3a"
| #define STDC_HEADERS 1
| #define HAVE_SYS_TYPES_H 1
| #define HAVE_SYS_STAT_H 1
| #define HAVE_STDLIB_H 1
| #define HAVE_STRING_H 1
| #define HAVE_MEMORY_H 1
| #define HAVE_STRINGS_H 1
| #define HAVE_INTTYPES_H 1
| #define HAVE_STDINT_H 1
| #define HAVE_UNISTD_H 1
| #define __EXTENSIONS__ 1
| #define _ALL_SOURCE 1
| #define _GNU_SOURCE 1
| #define _POSIX_PTHREAD_SEMANTICS 1
| #define _TANDEM_SOURCE 1
| #define HAVE_DIRENT_H 1
| #define HAVE_FCNTL_H 1
| #define HAVE_INTTYPES_H 1
| #define HAVE_PATHS_H 1
| #define HAVE_PTY_H 1
| #define HAVE_STDINT_H 1
| #define HAVE_SYS_DIR_H 1
| /* end confdefs.h.  */
| #include <stdio.h>
| #ifdef HAVE_SYS_TYPES_H
| # include <sys/types.h>
| #endif
| #ifdef HAVE_SYS_STAT_H
| # include <sys/stat.h>
| #endif
| #ifdef STDC_HEADERS
| # include <stdlib.h>
| # include <stddef.h>
| #else
| # ifdef HAVE_STDLIB_H
| #  include <stdlib.h>
| # endif
| #endif
| #ifdef HAVE_STRING_H
| # if !defined STDC_HEADERS && defined HAVE_MEMORY_H
| #  include <memory.h>
| # endif
| # include <string.h>
| #endif
| #ifdef HAVE_STRINGS_H
| # include <strings.h>
| #endif
| #ifdef HAVE_INTTYPES_H
| # include <inttypes.h>
| #endif
| #ifdef HAVE_STDINT_H
| # include <stdint.h>
| #endif
| #ifdef HAVE_UNISTD_H
| # include <unistd.h>
| #endif
| #include <ucred.h>
configure:5023: result: no
configure:5023: checking ucred.h presence
configure:5023: gcc -E  conftest.c
conftest.c:33:10: fatal error: ucred.h: No such file or directory
   33 | #include <ucred.h>
      |          ^~~~~~~~~
compilation terminated.
configure:5023: $? = 1
configure: failed program was:
| /* confdefs.h */
| #define PACKAGE_NAME "tmux"
| #define PACKAGE_TARNAME "tmux"
| #define PACKAGE_VERSION "3.3a"
| #define PACKAGE_STRING "tmux 3.3a"
| #define PACKAGE_BUGREPORT ""
| #define PACKAGE_URL ""
| #define PACKAGE "tmux"
| #define VERSION "3.3a"
| #define STDC_HEADERS 1
| #define HAVE_SYS_TYPES_H 1
| #define HAVE_SYS_STAT_H 1
| #define HAVE_STDLIB_H 1
| #define HAVE_STRING_H 1
| #define HAVE_MEMORY_H 1
| #define HAVE_STRINGS_H 1
| #define HAVE_INTTYPES_H 1
| #define HAVE_STDINT_H 1
| #define HAVE_UNISTD_H 1
| #define __EXTENSIONS__ 1
| #define _ALL_SOURCE 1
| #define _GNU_SOURCE 1
| #define _POSIX_PTHREAD_SEMANTICS 1
| #define _TANDEM_SOURCE 1
| #define HAVE_DIRENT_H 1
| #define HAVE_FCNTL_H 1
| #define HAVE_INTTYPES_H 1
| #define HAVE_PATHS_H 1
| #define HAVE_PTY_H 1
| #define HAVE_STDINT_H 1
| #define HAVE_SYS_DIR_H 1
| /* end confdefs.h.  */
| #include <ucred.h>
configure:5023: result: no
configure:5023: checking for ucred.h
configure:5023: result: no
configure:5023: checking util.h usability
configure:5023: gcc -c   conftest.c >&5
conftest.c:66:10: fatal error: util.h: No such file or directory
   66 | #include <util.h>
      |          ^~~~~~~~
compilation terminated.
configure:5023: $? = 1
configure: failed program was:
| /* confdefs.h */
| #define PACKAGE_NAME "tmux"
| #define PACKAGE_TARNAME "tmux"
| #define PACKAGE_VERSION "3.3a"
| #define PACKAGE_STRING "tmux 3.3a"
| #define PACKAGE_BUGREPORT ""
| #define PACKAGE_URL ""
| #define PACKAGE "tmux"
| #define VERSION "3.3a"
| #define STDC_HEADERS 1
| #define HAVE_SYS_TYPES_H 1
| #define HAVE_SYS_STAT_H 1
| #define HAVE_STDLIB_H 1
| #define HAVE_STRING_H 1
| #define HAVE_MEMORY_H 1
| #define HAVE_STRINGS_H 1
| #define HAVE_INTTYPES_H 1
| #define HAVE_STDINT_H 1
| #define HAVE_UNISTD_H 1
| #define __EXTENSIONS__ 1
| #define _ALL_SOURCE 1
| #define _GNU_SOURCE 1
| #define _POSIX_PTHREAD_SEMANTICS 1
| #define _TANDEM_SOURCE 1
| #define HAVE_DIRENT_H 1
| #define HAVE_FCNTL_H 1
| #define HAVE_INTTYPES_H 1
| #define HAVE_PATHS_H 1
| #define HAVE_PTY_H 1
| #define HAVE_STDINT_H 1
| #define HAVE_SYS_DIR_H 1
| /* end confdefs.h.  */
| #include <stdio.h>
| #ifdef HAVE_SYS_TYPES_H
| # include <sys/types.h>
| #endif
| #ifdef HAVE_SYS_STAT_H
| # include <sys/stat.h>
| #endif
| #ifdef STDC_HEADERS
| # include <stdlib.h>
| # include <stddef.h>
| #else
| # ifdef HAVE_STDLIB_H
| #  include <stdlib.h>
| # endif
| #endif
| #ifdef HAVE_STRING_H
| # if !defined STDC_HEADERS && defined HAVE_MEMORY_H
| #  include <memory.h>
| # endif
| # include <string.h>
| #endif
| #ifdef HAVE_STRINGS_H
| # include <strings.h>
| #endif
| #ifdef HAVE_INTTYPES_H
| # include <inttypes.h>
| #endif
| #ifdef HAVE_STDINT_H
| # include <stdint.h>
| #endif
| #ifdef HAVE_UNISTD_H
| # include <unistd.h>
| #endif
| #include <util.h>
configure:5023: result: no
configure:5023: checking util.h presence
configure:5023: gcc -E  conftest.c
conftest.c:33:10: fatal error: util.h: No such file or directory
   33 | #include <util.h>
      |          ^~~~~~~~
compilation terminated.
configure:5023: $? = 1
configure: failed program was:
| /* confdefs.h */
| #define PACKAGE_NAME "tmux"
| #define PACKAGE_TARNAME "tmux"
| #define PACKAGE_VERSION "3.3a"
| #define PACKAGE_STRING "tmux 3.3a"
| #define PACKAGE_BUGREPORT ""
| #define PACKAGE_URL ""
| #define PACKAGE "tmux"
| #define VERSION "3.3a"
| #define STDC_HEADERS 1
| #define HAVE_SYS_TYPES_H 1
| #define HAVE_SYS_STAT_H 1
| #define HAVE_STDLIB_H 1
| #define HAVE_STRING_H 1
| #define HAVE_MEMORY_H 1
| #define HAVE_STRINGS_H 1
| #define HAVE_INTTYPES_H 1
| #define HAVE_STDINT_H 1
| #define HAVE_UNISTD_H 1
| #define __EXTENSIONS__ 1
| #define _ALL_SOURCE 1
| #define _GNU_SOURCE 1
| #define _POSIX_PTHREAD_SEMANTICS 1
| #define _TANDEM_SOURCE 1
| #define HAVE_DIRENT_H 1
| #define HAVE_FCNTL_H 1
| #define HAVE_INTTYPES_H 1
| #define HAVE_PATHS_H 1
| #define HAVE_PTY_H 1
| #define HAVE_STDINT_H 1
| #define HAVE_SYS_DIR_H 1
| /* end confdefs.h.  */
| #include <util.h>
configure:5023: result: no
configure:5023: checking for util.h
configure:5023: result: no
configure:5035: checking for library containing sys_signame
configure:5066: gcc -o conftest    conftest.c  >&5
/usr/bin/ld: /tmp/ccBSI0zX.o: in function `main':
conftest.c:(.text+0xe): undefined reference to `sys_signame'
collect2: error: ld returned 1 exit status
configure:5066: $? = 1
configure: failed program was:
| /* confdefs.h */
| #define PACKAGE_NAME "tmux"
| #define PACKAGE_TARNAME "tmux"
| #define PACKAGE_VERSION "3.3a"
| #define PACKAGE_STRING "tmux 3.3a"
| #define PACKAGE_BUGREPORT ""
| #define PACKAGE_URL ""
| #define PACKAGE "tmux"
| #define VERSION "3.3a"
| #define STDC_HEADERS 1
| #define HAVE_SYS_TYPES_H 1
| #define HAVE_SYS_STAT_H 1
| #define HAVE_STDLIB_H 1
| #define HAVE_STRING_H 1
| #define HAVE_MEMORY_H 1
| #define HAVE_STRINGS_H 1
| #define HAVE_INTTYPES_H 1
| #define HAVE_STDINT_H 1
| #define HAVE_UNISTD_H 1
| #define __EXTENSIONS__ 1
| #define _ALL_SOURCE 1
| #define _GNU_SOURCE 1
| #define _POSIX_PTHREAD_SEMANTICS 1
| #define _TANDEM_SOURCE 1
| #define HAVE_DIRENT_H 1
| #define HAVE_FCNTL_H 1
| #define HAVE_INTTYPES_H 1
| #define HAVE_PATHS_H 1
| #define HAVE_PTY_H 1
| #define HAVE_STDINT_H 1
| #define HAVE_SYS_DIR_H 1
| /* end confdefs.h.  */
| 
| /* Override any GCC internal prototype to avoid an error.
|    Use char because int might match the return type of a GCC
|    builtin and then its argument prototype would still apply.  */
| #ifdef __cplusplus
| extern "C"
| #endif
| char sys_signame ();
| int
| main ()
| {
| return sys_signame ();
|   ;
|   return 0;
| }
configure:5083: result: no
configure:5094: checking for fmod in -lm
configure:5119: gcc -o conftest    conftest.c -lm   >&5
conftest.c:40:6: warning: conflicting types for built-in function 'fmod'; expected 'double(double,  double)' [-Wbuiltin-declaration-mismatch]
   40 | char fmod ();
      |      ^~~~
conftest.c:1:1: note: 'fmod' is declared in header '<math.h>'
    1 | /* confdefs.h */
configure:5119: $? = 0
configure:5128: result: yes
configure:5141: checking for library containing flock
configure:5172: gcc -o conftest    conftest.c -lm  >&5
configure:5172: $? = 0
configure:5189: result: none required
configure:5209: checking for dirfd
configure:5209: gcc -o conftest    conftest.c -lm  >&5
configure:5209: $? = 0
configure:5209: result: yes
configure:5209: checking for flock
configure:5209: gcc -o conftest    conftest.c -lm  >&5
configure:5209: $? = 0
configure:5209: result: yes
configure:5209: checking for prctl
configure:5209: gcc -o conftest    conftest.c -lm  >&5
configure:5209: $? = 0
configure:5209: result: yes
configure:5209: checking for proc_pidinfo
configure:5209: gcc -o conftest    conftest.c -lm  >&5
/usr/bin/ld: /tmp/ccL7cQ4A.o: in function `main':
conftest.c:(.text+0xe): undefined reference to `proc_pidinfo'
collect2: error: ld returned 1 exit status
configure:5209: $? = 1
configure: failed program was:
| /* confdefs.h */
| #define PACKAGE_NAME "tmux"
| #define PACKAGE_TARNAME "tmux"
| #define PACKAGE_VERSION "3.3a"
| #define PACKAGE_STRING "tmux 3.3a"
| #define PACKAGE_BUGREPORT ""
| #define PACKAGE_URL ""
| #define PACKAGE "tmux"
| #define VERSION "3.3a"
| #define STDC_HEADERS 1
| #define HAVE_SYS_TYPES_H 1
| #define HAVE_SYS_STAT_H 1
| #define HAVE_STDLIB_H 1
| #define HAVE_STRING_H 1
| #define HAVE_MEMORY_H 1
| #define HAVE_STRINGS_H 1
| #define HAVE_INTTYPES_H 1
| #define HAVE_STDINT_H 1
| #define HAVE_UNISTD_H 1
| #define __EXTENSIONS__ 1
| #define _ALL_SOURCE 1
| #define _GNU_SOURCE 1
| #define _POSIX_PTHREAD_SEMANTICS 1
| #define _TANDEM_SOURCE 1
| #define HAVE_DIRENT_H 1
| #define HAVE_FCNTL_H 1
| #define HAVE_INTTYPES_H 1
| #define HAVE_PATHS_H 1
| #define HAVE_PTY_H 1
| #define HAVE_STDINT_H 1
| #define HAVE_SYS_DIR_H 1
| #define HAVE_LIBM 1
| #define HAVE_DIRFD 1
| #define HAVE_FLOCK 1
| #define HAVE_PRCTL 1
| /* end confdefs.h.  */
| /* Define proc_pidinfo to an innocuous variant, in case <limits.h> declares proc_pidinfo.
|    For example, HP-UX 11i <limits.h> declares gettimeofday.  */
| #define proc_pidinfo innocuous_proc_pidinfo
| 
| /* System header to define __stub macros and hopefully few prototypes,
|     which can conflict with char proc_pidinfo (); below.
|     Prefer <limits.h> to <assert.h> if __STDC__ is defined, since
|     <limits.h> exists even on freestanding compilers.  */
| 
| #ifdef __STDC__
| # include <limits.h>
| #else
| # include <assert.h>
| #endif
| 
| #undef proc_pidinfo
| 
| /* Override any GCC internal prototype to avoid an error.
|    Use char because int might match the return type of a GCC
|    builtin and then its argument prototype would still apply.  */
| #ifdef __cplusplus
| extern "C"
| #endif
| char proc_pidinfo ();
| /* The GNU C library defines this for functions which it implements
|     to always fail with ENOSYS.  Some functions are actually named
|     something starting with __ and the normal name is an alias.  */
| #if defined __stub_proc_pidinfo || defined __stub___proc_pidinfo
| choke me
| #endif
| 
| int
| main ()
| {
| return proc_pidinfo ();
|   ;
|   return 0;
| }
configure:5209: result: no
configure:5209: checking for getpeerucred
configure:5209: gcc -o conftest    conftest.c -lm  >&5
/usr/bin/ld: /tmp/ccWmWhqX.o: in function `main':
conftest.c:(.text+0xe): undefined reference to `getpeerucred'
collect2: error: ld returned 1 exit status
configure:5209: $? = 1
configure: failed program was:
| /* confdefs.h */
| #define PACKAGE_NAME "tmux"
| #define PACKAGE_TARNAME "tmux"
| #define PACKAGE_VERSION "3.3a"
| #define PACKAGE_STRING "tmux 3.3a"
| #define PACKAGE_BUGREPORT ""
| #define PACKAGE_URL ""
| #define PACKAGE "tmux"
| #define VERSION "3.3a"
| #define STDC_HEADERS 1
| #define HAVE_SYS_TYPES_H 1
| #define HAVE_SYS_STAT_H 1
| #define HAVE_STDLIB_H 1
| #define HAVE_STRING_H 1
| #define HAVE_MEMORY_H 1
| #define HAVE_STRINGS_H 1
| #define HAVE_INTTYPES_H 1
| #define HAVE_STDINT_H 1
| #define HAVE_UNISTD_H 1
| #define __EXTENSIONS__ 1
| #define _ALL_SOURCE 1
| #define _GNU_SOURCE 1
| #define _POSIX_PTHREAD_SEMANTICS 1
| #define _TANDEM_SOURCE 1
| #define HAVE_DIRENT_H 1
| #define HAVE_FCNTL_H 1
| #define HAVE_INTTYPES_H 1
| #define HAVE_PATHS_H 1
| #define HAVE_PTY_H 1
| #define HAVE_STDINT_H 1
| #define HAVE_SYS_DIR_H 1
| #define HAVE_LIBM 1
| #define HAVE_DIRFD 1
| #define HAVE_FLOCK 1
| #define HAVE_PRCTL 1
| /* end confdefs.h.  */
| /* Define getpeerucred to an innocuous variant, in case <limits.h> declares getpeerucred.
|    For example, HP-UX 11i <limits.h> declares gettimeofday.  */
| #define getpeerucred innocuous_getpeerucred
| 
| /* System header to define __stub macros and hopefully few prototypes,
|     which can conflict with char getpeerucred (); below.
|     Prefer <limits.h> to <assert.h> if __STDC__ is defined, since
|     <limits.h> exists even on freestanding compilers.  */
| 
| #ifdef __STDC__
| # include <limits.h>
| #else
| # include <assert.h>
| #endif
| 
| #undef getpeerucred
| 
| /* Override any GCC internal prototype to avoid an error.
|    Use char because int might match the return type of a GCC
|    builtin and then its argument prototype would still apply.  */
| #ifdef __cplusplus
| extern "C"
| #endif
| char getpeerucred ();
| /* The GNU C library defines this for functions which it implements
|     to always fail with ENOSYS.  Some functions are actually named
|     something starting with __ and the normal name is an alias.  */
| #if defined __stub_getpeerucred || defined __stub___getpeerucred
| choke me
| #endif
| 
| int
| main ()
| {
| return getpeerucred ();
|   ;
|   return 0;
| }
configure:5209: result: no
configure:5209: checking for sysconf
configure:5209: gcc -o conftest    conftest.c -lm  >&5
configure:5209: $? = 0
configure:5209: result: yes
configure:5220: checking for asprintf
configure:5220: gcc -o conftest    conftest.c -lm  >&5
configure:5220: $? = 0
configure:5220: result: yes
configure:5233: checking for cfmakeraw
configure:5233: gcc -o conftest    conftest.c -lm  >&5
configure:5233: $? = 0
configure:5233: result: yes
configure:5246: checking for clock_gettime
configure:5246: gcc -o conftest    conftest.c -lm  >&5
configure:5246: $? = 0
configure:5246: result: yes
configure:5259: checking for closefrom
configure:5259: gcc -o conftest    conftest.c -lm  >&5
configure:5259: $? = 0
configure:5259: result: yes
configure:5272: checking for explicit_bzero
configure:5272: gcc -o conftest    conftest.c -lm  >&5
configure:5272: $? = 0
configure:5272: result: yes
configure:5285: checking for fgetln
configure:5285: gcc -o conftest    conftest.c -lm  >&5
/usr/bin/ld: /tmp/ccmS9Jp9.o: in function `main':
conftest.c:(.text+0xe): undefined reference to `fgetln'
collect2: error: ld returned 1 exit status
configure:5285: $? = 1
configure: failed program was:
| /* confdefs.h */
| #define PACKAGE_NAME "tmux"
| #define PACKAGE_TARNAME "tmux"
| #define PACKAGE_VERSION "3.3a"
| #define PACKAGE_STRING "tmux 3.3a"
| #define PACKAGE_BUGREPORT ""
| #define PACKAGE_URL ""
| #define PACKAGE "tmux"
| #define VERSION "3.3a"
| #define STDC_HEADERS 1
| #define HAVE_SYS_TYPES_H 1
| #define HAVE_SYS_STAT_H 1
| #define HAVE_STDLIB_H 1
| #define HAVE_STRING_H 1
| #define HAVE_MEMORY_H 1
| #define HAVE_STRINGS_H 1
| #define HAVE_INTTYPES_H 1
| #define HAVE_STDINT_H 1
| #define HAVE_UNISTD_H 1
| #define __EXTENSIONS__ 1
| #define _ALL_SOURCE 1
| #define _GNU_SOURCE 1
| #define _POSIX_PTHREAD_SEMANTICS 1
| #define _TANDEM_SOURCE 1
| #define HAVE_DIRENT_H 1
| #define HAVE_FCNTL_H 1
| #define HAVE_INTTYPES_H 1
| #define HAVE_PATHS_H 1
| #define HAVE_PTY_H 1
| #define HAVE_STDINT_H 1
| #define HAVE_SYS_DIR_H 1
| #define HAVE_LIBM 1
| #define HAVE_DIRFD 1
| #define HAVE_FLOCK 1
| #define HAVE_PRCTL 1
| #define HAVE_SYSCONF 1
| #define HAVE_ASPRINTF 1
| #define HAVE_CFMAKERAW 1
| #define HAVE_CLOCK_GETTIME 1
| #define HAVE_CLOSEFROM 1
| #define HAVE_EXPLICIT_BZERO 1
| /* end confdefs.h.  */
| /* Define fgetln to an innocuous variant, in case <limits.h> declares fgetln.
|    For example, HP-UX 11i <limits.h> declares gettimeofday.  */
| #define fgetln innocuous_fgetln
| 
| /* System header to define __stub macros and hopefully few prototypes,
|     which can conflict with char fgetln (); below.
|     Prefer <limits.h> to <assert.h> if __STDC__ is defined, since
|     <limits.h> exists even on freestanding compilers.  */
| 
| #ifdef __STDC__
| # include <limits.h>
| #else
| # include <assert.h>
| #endif
| 
| #undef fgetln
| 
| /* Override any GCC internal prototype to avoid an error.
|    Use char because int might match the return type of a GCC
|    builtin and then its argument prototype would still apply.  */
| #ifdef __cplusplus
| extern "C"
| #endif
| char fgetln ();
| /* The GNU C library defines this for functions which it implements
|     to always fail with ENOSYS.  Some functions are actually named
|     something starting with __ and the normal name is an alias.  */
| #if defined __stub_fgetln || defined __stub___fgetln
| choke me
| #endif
| 
| int
| main ()
| {
| return fgetln ();
|   ;
|   return 0;
| }
configure:5285: result: no
configure:5298: checking for freezero
configure:5298: gcc -o conftest    conftest.c -lm  >&5
/usr/bin/ld: /tmp/ccdHyfKz.o: in function `main':
conftest.c:(.text+0xe): undefined reference to `freezero'
collect2: error: ld returned 1 exit status
configure:5298: $? = 1
configure: failed program was:
| /* confdefs.h */
| #define PACKAGE_NAME "tmux"
| #define PACKAGE_TARNAME "tmux"
| #define PACKAGE_VERSION "3.3a"
| #define PACKAGE_STRING "tmux 3.3a"
| #define PACKAGE_BUGREPORT ""
| #define PACKAGE_URL ""
| #define PACKAGE "tmux"
| #define VERSION "3.3a"
| #define STDC_HEADERS 1
| #define HAVE_SYS_TYPES_H 1
| #define HAVE_SYS_STAT_H 1
| #define HAVE_STDLIB_H 1
| #define HAVE_STRING_H 1
| #define HAVE_MEMORY_H 1
| #define HAVE_STRINGS_H 1
| #define HAVE_INTTYPES_H 1
| #define HAVE_STDINT_H 1
| #define HAVE_UNISTD_H 1
| #define __EXTENSIONS__ 1
| #define _ALL_SOURCE 1
| #define _GNU_SOURCE 1
| #define _POSIX_PTHREAD_SEMANTICS 1
| #define _TANDEM_SOURCE 1
| #define HAVE_DIRENT_H 1
| #define HAVE_FCNTL_H 1
| #define HAVE_INTTYPES_H 1
| #define HAVE_PATHS_H 1
| #define HAVE_PTY_H 1
| #define HAVE_STDINT_H 1
| #define HAVE_SYS_DIR_H 1
| #define HAVE_LIBM 1
| #define HAVE_DIRFD 1
| #define HAVE_FLOCK 1
| #define HAVE_PRCTL 1
| #define HAVE_SYSCONF 1
| #define HAVE_ASPRINTF 1
| #define HAVE_CFMAKERAW 1
| #define HAVE_CLOCK_GETTIME 1
| #define HAVE_CLOSEFROM 1
| #define HAVE_EXPLICIT_BZERO 1
| /* end confdefs.h.  */
| /* Define freezero to an innocuous variant, in case <limits.h> declares freezero.
|    For example, HP-UX 11i <limits.h> declares gettimeofday.  */
| #define freezero innocuous_freezero
| 
| /* System header to define __stub macros and hopefully few prototypes,
|     which can conflict with char freezero (); below.
|     Prefer <limits.h> to <assert.h> if __STDC__ is defined, since
|     <limits.h> exists even on freestanding compilers.  */
| 
| #ifdef __STDC__
| # include <limits.h>
| #else
| # include <assert.h>
| #endif
| 
| #undef freezero
| 
| /* Override any GCC internal prototype to avoid an error.
|    Use char because int might match the return type of a GCC
|    builtin and then its argument prototype would still apply.  */
| #ifdef __cplusplus
| extern "C"
| #endif
| char freezero ();
| /* The GNU C library defines this for functions which it implements
|     to always fail with ENOSYS.  Some functions are actually named
|     something starting with __ and the normal name is an alias.  */
| #if defined __stub_freezero || defined __stub___freezero
| choke me
| #endif
| 
| int
| main ()
| {
| return freezero ();
|   ;
|   return 0;
| }
configure:5298: result: no
configure:5311: checking for getdtablecount
configure:5311: gcc -o conftest    conftest.c -lm  >&5
/usr/bin/ld: /tmp/ccR9sqYx.o: in function `main':
conftest.c:(.text+0xe): undefined reference to `getdtablecount'
collect2: error: ld returned 1 exit status
configure:5311: $? = 1
configure: failed program was:
| /* confdefs.h */
| #define PACKAGE_NAME "tmux"
| #define PACKAGE_TARNAME "tmux"
| #define PACKAGE_VERSION "3.3a"
| #define PACKAGE_STRING "tmux 3.3a"
| #define PACKAGE_BUGREPORT ""
| #define PACKAGE_URL ""
| #define PACKAGE "tmux"
| #define VERSION "3.3a"
| #define STDC_HEADERS 1
| #define HAVE_SYS_TYPES_H 1
| #define HAVE_SYS_STAT_H 1
| #define HAVE_STDLIB_H 1
| #define HAVE_STRING_H 1
| #define HAVE_MEMORY_H 1
| #define HAVE_STRINGS_H 1
| #define HAVE_INTTYPES_H 1
| #define HAVE_STDINT_H 1
| #define HAVE_UNISTD_H 1
| #define __EXTENSIONS__ 1
| #define _ALL_SOURCE 1
| #define _GNU_SOURCE 1
| #define _POSIX_PTHREAD_SEMANTICS 1
| #define _TANDEM_SOURCE 1
| #define HAVE_DIRENT_H 1
| #define HAVE_FCNTL_H 1
| #define HAVE_INTTYPES_H 1
| #define HAVE_PATHS_H 1
| #define HAVE_PTY_H 1
| #define HAVE_STDINT_H 1
| #define HAVE_SYS_DIR_H 1
| #define HAVE_LIBM 1
| #define HAVE_DIRFD 1
| #define HAVE_FLOCK 1
| #define HAVE_PRCTL 1
| #define HAVE_SYSCONF 1
| #define HAVE_ASPRINTF 1
| #define HAVE_CFMAKERAW 1
| #define HAVE_CLOCK_GETTIME 1
| #define HAVE_CLOSEFROM 1
| #define HAVE_EXPLICIT_BZERO 1
| /* end confdefs.h.  */
| /* Define getdtablecount to an innocuous variant, in case <limits.h> declares getdtablecount.
|    For example, HP-UX 11i <limits.h> declares gettimeofday.  */
| #define getdtablecount innocuous_getdtablecount
| 
| /* System header to define __stub macros and hopefully few prototypes,
|     which can conflict with char getdtablecount (); below.
|     Prefer <limits.h> to <assert.h> if __STDC__ is defined, since
|     <limits.h> exists even on freestanding compilers.  */
| 
| #ifdef __STDC__
| # include <limits.h>
| #else
| # include <assert.h>
| #endif
| 
| #undef getdtablecount
| 
| /* Override any GCC internal prototype to avoid an error.
|    Use char because int might match the return type of a GCC
|    builtin and then its argument prototype would still apply.  */
| #ifdef __cplusplus
| extern "C"
| #endif
| char getdtablecount ();
| /* The GNU C library defines this for functions which it implements
|     to always fail with ENOSYS.  Some functions are actually named
|     something starting with __ and the normal name is an alias.  */
| #if defined __stub_getdtablecount || defined __stub___getdtablecount
| choke me
| #endif
| 
| int
| main ()
| {
| return getdtablecount ();
|   ;
|   return 0;
| }
configure:5311: result: no
configure:5324: checking for getdtablesize
configure:5324: gcc -o conftest    conftest.c -lm  >&5
configure:5324: $? = 0
configure:5324: result: yes
configure:5337: checking for getpeereid
configure:5337: gcc -o conftest    conftest.c -lm  >&5
/usr/bin/ld: /tmp/ccqzfS64.o: in function `main':
conftest.c:(.text+0xe): undefined reference to `getpeereid'
collect2: error: ld returned 1 exit status
configure:5337: $? = 1
configure: failed program was:
| /* confdefs.h */
| #define PACKAGE_NAME "tmux"
| #define PACKAGE_TARNAME "tmux"
| #define PACKAGE_VERSION "3.3a"
| #define PACKAGE_STRING "tmux 3.3a"
| #define PACKAGE_BUGREPORT ""
| #define PACKAGE_URL ""
| #define PACKAGE "tmux"
| #define VERSION "3.3a"
| #define STDC_HEADERS 1
| #define HAVE_SYS_TYPES_H 1
| #define HAVE_SYS_STAT_H 1
| #define HAVE_STDLIB_H 1
| #define HAVE_STRING_H 1
| #define HAVE_MEMORY_H 1
| #define HAVE_STRINGS_H 1
| #define HAVE_INTTYPES_H 1
| #define HAVE_STDINT_H 1
| #define HAVE_UNISTD_H 1
| #define __EXTENSIONS__ 1
| #define _ALL_SOURCE 1
| #define _GNU_SOURCE 1
| #define _POSIX_PTHREAD_SEMANTICS 1
| #define _TANDEM_SOURCE 1
| #define HAVE_DIRENT_H 1
| #define HAVE_FCNTL_H 1
| #define HAVE_INTTYPES_H 1
| #define HAVE_PATHS_H 1
| #define HAVE_PTY_H 1
| #define HAVE_STDINT_H 1
| #define HAVE_SYS_DIR_H 1
| #define HAVE_LIBM 1
| #define HAVE_DIRFD 1
| #define HAVE_FLOCK 1
| #define HAVE_PRCTL 1
| #define HAVE_SYSCONF 1
| #define HAVE_ASPRINTF 1
| #define HAVE_CFMAKERAW 1
| #define HAVE_CLOCK_GETTIME 1
| #define HAVE_CLOSEFROM 1
| #define HAVE_EXPLICIT_BZERO 1
| #define HAVE_GETDTABLESIZE 1
| /* end confdefs.h.  */
| /* Define getpeereid to an innocuous variant, in case <limits.h> declares getpeereid.
|    For example, HP-UX 11i <limits.h> declares gettimeofday.  */
| #define getpeereid innocuous_getpeereid
| 
| /* System header to define __stub macros and hopefully few prototypes,
|     which can conflict with char getpeereid (); below.
|     Prefer <limits.h> to <assert.h> if __STDC__ is defined, since
|     <limits.h> exists even on freestanding compilers.  */
| 
| #ifdef __STDC__
| # include <limits.h>
| #else
| # include <assert.h>
| #endif
| 
| #undef getpeereid
| 
| /* Override any GCC internal prototype to avoid an error.
|    Use char because int might match the return type of a GCC
|    builtin and then its argument prototype would still apply.  */
| #ifdef __cplusplus
| extern "C"
| #endif
| char getpeereid ();
| /* The GNU C library defines this for functions which it implements
|     to always fail with ENOSYS.  Some functions are actually named
|     something starting with __ and the normal name is an alias.  */
| #if defined __stub_getpeereid || defined __stub___getpeereid
| choke me
| #endif
| 
| int
| main ()
| {
| return getpeereid ();
|   ;
|   return 0;
| }
configure:5337: result: no
configure:5350: checking for getline
configure:5350: gcc -o conftest    conftest.c -lm  >&5
configure:5350: $? = 0
configure:5350: result: yes
configure:5363: checking for getprogname
configure:5363: gcc -o conftest    conftest.c -lm  >&5
/usr/bin/ld: /tmp/ccv5mKGY.o: in function `main':
conftest.c:(.text+0xe): undefined reference to `getprogname'
collect2: error: ld returned 1 exit status
configure:5363: $? = 1
configure: failed program was:
| /* confdefs.h */
| #define PACKAGE_NAME "tmux"
| #define PACKAGE_TARNAME "tmux"
| #define PACKAGE_VERSION "3.3a"
| #define PACKAGE_STRING "tmux 3.3a"
| #define PACKAGE_BUGREPORT ""
| #define PACKAGE_URL ""
| #define PACKAGE "tmux"
| #define VERSION "3.3a"
| #define STDC_HEADERS 1
| #define HAVE_SYS_TYPES_H 1
| #define HAVE_SYS_STAT_H 1
| #define HAVE_STDLIB_H 1
| #define HAVE_STRING_H 1
| #define HAVE_MEMORY_H 1
| #define HAVE_STRINGS_H 1
| #define HAVE_INTTYPES_H 1
| #define HAVE_STDINT_H 1
| #define HAVE_UNISTD_H 1
| #define __EXTENSIONS__ 1
| #define _ALL_SOURCE 1
| #define _GNU_SOURCE 1
| #define _POSIX_PTHREAD_SEMANTICS 1
| #define _TANDEM_SOURCE 1
| #define HAVE_DIRENT_H 1
| #define HAVE_FCNTL_H 1
| #define HAVE_INTTYPES_H 1
| #define HAVE_PATHS_H 1
| #define HAVE_PTY_H 1
| #define HAVE_STDINT_H 1
| #define HAVE_SYS_DIR_H 1
| #define HAVE_LIBM 1
| #define HAVE_DIRFD 1
| #define HAVE_FLOCK 1
| #define HAVE_PRCTL 1
| #define HAVE_SYSCONF 1
| #define HAVE_ASPRINTF 1
| #define HAVE_CFMAKERAW 1
| #define HAVE_CLOCK_GETTIME 1
| #define HAVE_CLOSEFROM 1
| #define HAVE_EXPLICIT_BZERO 1
| #define HAVE_GETDTABLESIZE 1
| #define HAVE_GETLINE 1
| /* end confdefs.h.  */
| /* Define getprogname to an innocuous variant, in case <limits.h> declares getprogname.
|    For example, HP-UX 11i <limits.h> declares gettimeofday.  */
| #define getprogname innocuous_getprogname
| 
| /* System header to define __stub macros and hopefully few prototypes,
|     which can conflict with char getprogname (); below.
|     Prefer <limits.h> to <assert.h> if __STDC__ is defined, since
|     <limits.h> exists even on freestanding compilers.  */
| 
| #ifdef __STDC__
| # include <limits.h>
| #else
| # include <assert.h>
| #endif
| 
| #undef getprogname
| 
| /* Override any GCC internal prototype to avoid an error.
|    Use char because int might match the return type of a GCC
|    builtin and then its argument prototype would still apply.  */
| #ifdef __cplusplus
| extern "C"
| #endif
| char getprogname ();
| /* The GNU C library defines this for functions which it implements
|     to always fail with ENOSYS.  Some functions are actually named
|     something starting with __ and the normal name is an alias.  */
| #if defined __stub_getprogname || defined __stub___getprogname
| choke me
| #endif
| 
| int
| main ()
| {
| return getprogname ();
|   ;
|   return 0;
| }
configure:5363: result: no
configure:5376: checking for memmem
configure:5376: gcc -o conftest    conftest.c -lm  >&5
configure:5376: $? = 0
configure:5376: result: yes
configure:5389: checking for setenv
configure:5389: gcc -o conftest    conftest.c -lm  >&5
configure:5389: $? = 0
configure:5389: result: yes
configure:5402: checking for setproctitle
configure:5402: gcc -o conftest    conftest.c -lm  >&5
/usr/bin/ld: /tmp/cc780VeG.o: in function `main':
conftest.c:(.text+0xe): undefined reference to `setproctitle'
collect2: error: ld returned 1 exit status
configure:5402: $? = 1
configure: failed program was:
| /* confdefs.h */
| #define PACKAGE_NAME "tmux"
| #define PACKAGE_TARNAME "tmux"
| #define PACKAGE_VERSION "3.3a"
| #define PACKAGE_STRING "tmux 3.3a"
| #define PACKAGE_BUGREPORT ""
| #define PACKAGE_URL ""
| #define PACKAGE "tmux"
| #define VERSION "3.3a"
| #define STDC_HEADERS 1
| #define HAVE_SYS_TYPES_H 1
| #define HAVE_SYS_STAT_H 1
| #define HAVE_STDLIB_H 1
| #define HAVE_STRING_H 1
| #define HAVE_MEMORY_H 1
| #define HAVE_STRINGS_H 1
| #define HAVE_INTTYPES_H 1
| #define HAVE_STDINT_H 1
| #define HAVE_UNISTD_H 1
| #define __EXTENSIONS__ 1
| #define _ALL_SOURCE 1
| #define _GNU_SOURCE 1
| #define _POSIX_PTHREAD_SEMANTICS 1
| #define _TANDEM_SOURCE 1
| #define HAVE_DIRENT_H 1
| #define HAVE_FCNTL_H 1
| #define HAVE_INTTYPES_H 1
| #define HAVE_PATHS_H 1
| #define HAVE_PTY_H 1
| #define HAVE_STDINT_H 1
| #define HAVE_SYS_DIR_H 1
| #define HAVE_LIBM 1
| #define HAVE_DIRFD 1
| #define HAVE_FLOCK 1
| #define HAVE_PRCTL 1
| #define HAVE_SYSCONF 1
| #define HAVE_ASPRINTF 1
| #define HAVE_CFMAKERAW 1
| #define HAVE_CLOCK_GETTIME 1
| #define HAVE_CLOSEFROM 1
| #define HAVE_EXPLICIT_BZERO 1
| #define HAVE_GETDTABLESIZE 1
| #define HAVE_GETLINE 1
| #define HAVE_MEMMEM 1
| #define HAVE_SETENV 1
| /* end confdefs.h.  */
| /* Define setproctitle to an innocuous variant, in case <limits.h> declares setproctitle.
|    For example, HP-UX 11i <limits.h> declares gettimeofday.  */
| #define setproctitle innocuous_setproctitle
| 
| /* System header to define __stub macros and hopefully few prototypes,
|     which can conflict with char setproctitle (); below.
|     Prefer <limits.h> to <assert.h> if __STDC__ is defined, since
|     <limits.h> exists even on freestanding compilers.  */
| 
| #ifdef __STDC__
| # include <limits.h>
| #else
| # include <assert.h>
| #endif
| 
| #undef setproctitle
| 
| /* Override any GCC internal prototype to avoid an error.
|    Use char because int might match the return type of a GCC
|    builtin and then its argument prototype would still apply.  */
| #ifdef __cplusplus
| extern "C"
| #endif
| char setproctitle ();
| /* The GNU C library defines this for functions which it implements
|     to always fail with ENOSYS.  Some functions are actually named
|     something starting with __ and the normal name is an alias.  */
| #if defined __stub_setproctitle || defined __stub___setproctitle
| choke me
| #endif
| 
| int
| main ()
| {
| return setproctitle ();
|   ;
|   return 0;
| }
configure:5402: result: no
configure:5415: checking for strcasestr
configure:5415: gcc -o conftest    conftest.c -lm  >&5
configure:5415: $? = 0
configure:5415: result: yes
configure:5428: checking for strlcat
configure:5428: gcc -o conftest    conftest.c -lm  >&5
/usr/bin/ld: /tmp/ccX2tiC1.o: in function `main':
conftest.c:(.text+0xe): undefined reference to `strlcat'
collect2: error: ld returned 1 exit status
configure:5428: $? = 1
configure: failed program was:
| /* confdefs.h */
| #define PACKAGE_NAME "tmux"
| #define PACKAGE_TARNAME "tmux"
| #define PACKAGE_VERSION "3.3a"
| #define PACKAGE_STRING "tmux 3.3a"
| #define PACKAGE_BUGREPORT ""
| #define PACKAGE_URL ""
| #define PACKAGE "tmux"
| #define VERSION "3.3a"
| #define STDC_HEADERS 1
| #define HAVE_SYS_TYPES_H 1
| #define HAVE_SYS_STAT_H 1
| #define HAVE_STDLIB_H 1
| #define HAVE_STRING_H 1
| #define HAVE_MEMORY_H 1
| #define HAVE_STRINGS_H 1
| #define HAVE_INTTYPES_H 1
| #define HAVE_STDINT_H 1
| #define HAVE_UNISTD_H 1
| #define __EXTENSIONS__ 1
| #define _ALL_SOURCE 1
| #define _GNU_SOURCE 1
| #define _POSIX_PTHREAD_SEMANTICS 1
| #define _TANDEM_SOURCE 1
| #define HAVE_DIRENT_H 1
| #define HAVE_FCNTL_H 1
| #define HAVE_INTTYPES_H 1
| #define HAVE_PATHS_H 1
| #define HAVE_PTY_H 1
| #define HAVE_STDINT_H 1
| #define HAVE_SYS_DIR_H 1
| #define HAVE_LIBM 1
| #define HAVE_DIRFD 1
| #define HAVE_FLOCK 1
| #define HAVE_PRCTL 1
| #define HAVE_SYSCONF 1
| #define HAVE_ASPRINTF 1
| #define HAVE_CFMAKERAW 1
| #define HAVE_CLOCK_GETTIME 1
| #define HAVE_CLOSEFROM 1
| #define HAVE_EXPLICIT_BZERO 1
| #define HAVE_GETDTABLESIZE 1
| #define HAVE_GETLINE 1
| #define HAVE_MEMMEM 1
| #define HAVE_SETENV 1
| #define HAVE_STRCASESTR 1
| /* end confdefs.h.  */
| /* Define strlcat to an innocuous variant, in case <limits.h> declares strlcat.
|    For example, HP-UX 11i <limits.h> declares gettimeofday.  */
| #define strlcat innocuous_strlcat
| 
| /* System header to define __stub macros and hopefully few prototypes,
|     which can conflict with char strlcat (); below.
|     Prefer <limits.h> to <assert.h> if __STDC__ is defined, since
|     <limits.h> exists even on freestanding compilers.  */
| 
| #ifdef __STDC__
| # include <limits.h>
| #else
| # include <assert.h>
| #endif
| 
| #undef strlcat
| 
| /* Override any GCC internal prototype to avoid an error.
|    Use char because int might match the return type of a GCC
|    builtin and then its argument prototype would still apply.  */
| #ifdef __cplusplus
| extern "C"
| #endif
| char strlcat ();
| /* The GNU C library defines this for functions which it implements
|     to always fail with ENOSYS.  Some functions are actually named
|     something starting with __ and the normal name is an alias.  */
| #if defined __stub_strlcat || defined __stub___strlcat
| choke me
| #endif
| 
| int
| main ()
| {
| return strlcat ();
|   ;
|   return 0;
| }
configure:5428: result: no
configure:5441: checking for strlcpy
configure:5441: gcc -o conftest    conftest.c -lm  >&5
/usr/bin/ld: /tmp/ccdB94hd.o: in function `main':
conftest.c:(.text+0xe): undefined reference to `strlcpy'
collect2: error: ld returned 1 exit status
configure:5441: $? = 1
configure: failed program was:
| /* confdefs.h */
| #define PACKAGE_NAME "tmux"
| #define PACKAGE_TARNAME "tmux"
| #define PACKAGE_VERSION "3.3a"
| #define PACKAGE_STRING "tmux 3.3a"
| #define PACKAGE_BUGREPORT ""
| #define PACKAGE_URL ""
| #define PACKAGE "tmux"
| #define VERSION "3.3a"
| #define STDC_HEADERS 1
| #define HAVE_SYS_TYPES_H 1
| #define HAVE_SYS_STAT_H 1
| #define HAVE_STDLIB_H 1
| #define HAVE_STRING_H 1
| #define HAVE_MEMORY_H 1
| #define HAVE_STRINGS_H 1
| #define HAVE_INTTYPES_H 1
| #define HAVE_STDINT_H 1
| #define HAVE_UNISTD_H 1
| #define __EXTENSIONS__ 1
| #define _ALL_SOURCE 1
| #define _GNU_SOURCE 1
| #define _POSIX_PTHREAD_SEMANTICS 1
| #define _TANDEM_SOURCE 1
| #define HAVE_DIRENT_H 1
| #define HAVE_FCNTL_H 1
| #define HAVE_INTTYPES_H 1
| #define HAVE_PATHS_H 1
| #define HAVE_PTY_H 1
| #define HAVE_STDINT_H 1
| #define HAVE_SYS_DIR_H 1
| #define HAVE_LIBM 1
| #define HAVE_DIRFD 1
| #define HAVE_FLOCK 1
| #define HAVE_PRCTL 1
| #define HAVE_SYSCONF 1
| #define HAVE_ASPRINTF 1
| #define HAVE_CFMAKERAW 1
| #define HAVE_CLOCK_GETTIME 1
| #define HAVE_CLOSEFROM 1
| #define HAVE_EXPLICIT_BZERO 1
| #define HAVE_GETDTABLESIZE 1
| #define HAVE_GETLINE 1
| #define HAVE_MEMMEM 1
| #define HAVE_SETENV 1
| #define HAVE_STRCASESTR 1
| /* end confdefs.h.  */
| /* Define strlcpy to an innocuous variant, in case <limits.h> declares strlcpy.
|    For example, HP-UX 11i <limits.h> declares gettimeofday.  */
| #define strlcpy innocuous_strlcpy
| 
| /* System header to define __stub macros and hopefully few prototypes,
|     which can conflict with char strlcpy (); below.
|     Prefer <limits.h> to <assert.h> if __STDC__ is defined, since
|     <limits.h> exists even on freestanding compilers.  */
| 
| #ifdef __STDC__
| # include <limits.h>
| #else
| # include <assert.h>
| #endif
| 
| #undef strlcpy
| 
| /* Override any GCC internal prototype to avoid an error.
|    Use char because int might match the return type of a GCC
|    builtin and then its argument prototype would still apply.  */
| #ifdef __cplusplus
| extern "C"
| #endif
| char strlcpy ();
| /* The GNU C library defines this for functions which it implements
|     to always fail with ENOSYS.  Some functions are actually named
|     something starting with __ and the normal name is an alias.  */
| #if defined __stub_strlcpy || defined __stub___strlcpy
| choke me
| #endif
| 
| int
| main ()
| {
| return strlcpy ();
|   ;
|   return 0;
| }
configure:5441: result: no
configure:5454: checking for strndup
configure:5454: gcc -o conftest    conftest.c -lm  >&5
conftest.c:71:6: warning: conflicting types for built-in function 'strndup'; expected 'char *(const char *, long unsigned int)' [-Wbuiltin-declaration-mismatch]
   71 | char strndup ();
      |      ^~~~~~~
configure:5454: $? = 0
configure:5454: result: yes
configure:5467: checking for strsep
configure:5467: gcc -o conftest    conftest.c -lm  >&5
configure:5467: $? = 0
configure:5467: result: yes
configure:5481: checking for working strnlen
configure:5519: gcc -o conftest    conftest.c -lm  >&5
configure:5519: $? = 0
configure:5519: ./conftest
configure:5519: $? = 0
configure:5529: result: yes
configure:5540: checking for working strtonum
configure:5564: gcc -o conftest    conftest.c -lm  >&5
conftest.c: In function 'main':
conftest.c:54:9: warning: implicit declaration of function 'strtonum'; did you mean 'strtouq'? [-Wimplicit-function-declaration]
   54 | return (strtonum("0", 0, 1, NULL) == 0 ? 0 : 1);
      |         ^~~~~~~~
      |         strtouq
/usr/bin/ld: /tmp/ccoJRDHf.o: in function `main':
conftest.c:(.text+0x27): undefined reference to `strtonum'
collect2: error: ld returned 1 exit status
configure:5564: $? = 1
configure: program exited with status 1
configure: failed program was:
| /* confdefs.h */
| #define PACKAGE_NAME "tmux"
| #define PACKAGE_TARNAME "tmux"
| #define PACKAGE_VERSION "3.3a"
| #define PACKAGE_STRING "tmux 3.3a"
| #define PACKAGE_BUGREPORT ""
| #define PACKAGE_URL ""
| #define PACKAGE "tmux"
| #define VERSION "3.3a"
| #define STDC_HEADERS 1
| #define HAVE_SYS_TYPES_H 1
| #define HAVE_SYS_STAT_H 1
| #define HAVE_STDLIB_H 1
| #define HAVE_STRING_H 1
| #define HAVE_MEMORY_H 1
| #define HAVE_STRINGS_H 1
| #define HAVE_INTTYPES_H 1
| #define HAVE_STDINT_H 1
| #define HAVE_UNISTD_H 1
| #define __EXTENSIONS__ 1
| #define _ALL_SOURCE 1
| #define _GNU_SOURCE 1
| #define _POSIX_PTHREAD_SEMANTICS 1
| #define _TANDEM_SOURCE 1
| #define HAVE_DIRENT_H 1
| #define HAVE_FCNTL_H 1
| #define HAVE_INTTYPES_H 1
| #define HAVE_PATHS_H 1
| #define HAVE_PTY_H 1
| #define HAVE_STDINT_H 1
| #define HAVE_SYS_DIR_H 1
| #define HAVE_LIBM 1
| #define HAVE_DIRFD 1
| #define HAVE_FLOCK 1
| #define HAVE_PRCTL 1
| #define HAVE_SYSCONF 1
| #define HAVE_ASPRINTF 1
| #define HAVE_CFMAKERAW 1
| #define HAVE_CLOCK_GETTIME 1
| #define HAVE_CLOSEFROM 1
| #define HAVE_EXPLICIT_BZERO 1
| #define HAVE_GETDTABLESIZE 1
| #define HAVE_GETLINE 1
| #define HAVE_MEMMEM 1
| #define HAVE_SETENV 1
| #define HAVE_STRCASESTR 1
| #define HAVE_STRNDUP 1
| #define HAVE_STRSEP 1
| /* end confdefs.h.  */
| #include <stdlib.h>
| int
| main ()
| {
| return (strtonum("0", 0, 1, NULL) == 0 ? 0 : 1);
| 
|   ;
|   return 0;
| }
configure:5574: result: no
configure:5585: checking for working reallocarray
configure:5609: gcc -o conftest    conftest.c -lm  >&5
configure:5609: $? = 0
configure:5609: ./conftest
configure:5609: $? = 0
configure:5610: result: yes
configure:5625: checking for working recallocarray
configure:5649: gcc -o conftest    conftest.c -lm  >&5
conftest.c: In function 'main':
conftest.c:54:9: warning: implicit declaration of function 'recallocarray'; did you mean 'reallocarray'? [-Wimplicit-function-declaration]
   54 | return (recallocarray(NULL, 1, 1, 1) == NULL);
      |         ^~~~~~~~~~~~~
      |         reallocarray
conftest.c:54:38: warning: comparison between pointer and integer
   54 | return (recallocarray(NULL, 1, 1, 1) == NULL);
      |                                      ^~
/usr/bin/ld: /tmp/ccYxaExH.o: in function `main':
conftest.c:(.text+0x22): undefined reference to `recallocarray'
collect2: error: ld returned 1 exit status
configure:5649: $? = 1
configure: program exited with status 1
configure: failed program was:
| /* confdefs.h */
| #define PACKAGE_NAME "tmux"
| #define PACKAGE_TARNAME "tmux"
| #define PACKAGE_VERSION "3.3a"
| #define PACKAGE_STRING "tmux 3.3a"
| #define PACKAGE_BUGREPORT ""
| #define PACKAGE_URL ""
| #define PACKAGE "tmux"
| #define VERSION "3.3a"
| #define STDC_HEADERS 1
| #define HAVE_SYS_TYPES_H 1
| #define HAVE_SYS_STAT_H 1
| #define HAVE_STDLIB_H 1
| #define HAVE_STRING_H 1
| #define HAVE_MEMORY_H 1
| #define HAVE_STRINGS_H 1
| #define HAVE_INTTYPES_H 1
| #define HAVE_STDINT_H 1
| #define HAVE_UNISTD_H 1
| #define __EXTENSIONS__ 1
| #define _ALL_SOURCE 1
| #define _GNU_SOURCE 1
| #define _POSIX_PTHREAD_SEMANTICS 1
| #define _TANDEM_SOURCE 1
| #define HAVE_DIRENT_H 1
| #define HAVE_FCNTL_H 1
| #define HAVE_INTTYPES_H 1
| #define HAVE_PATHS_H 1
| #define HAVE_PTY_H 1
| #define HAVE_STDINT_H 1
| #define HAVE_SYS_DIR_H 1
| #define HAVE_LIBM 1
| #define HAVE_DIRFD 1
| #define HAVE_FLOCK 1
| #define HAVE_PRCTL 1
| #define HAVE_SYSCONF 1
| #define HAVE_ASPRINTF 1
| #define HAVE_CFMAKERAW 1
| #define HAVE_CLOCK_GETTIME 1
| #define HAVE_CLOSEFROM 1
| #define HAVE_EXPLICIT_BZERO 1
| #define HAVE_GETDTABLESIZE 1
| #define HAVE_GETLINE 1
| #define HAVE_MEMMEM 1
| #define HAVE_SETENV 1
| #define HAVE_STRCASESTR 1
| #define HAVE_STRNDUP 1
| #define HAVE_STRSEP 1
| /* end confdefs.h.  */
| #include <stdlib.h>
| int
| main ()
| {
| return (recallocarray(NULL, 1, 1, 1) == NULL);
| 
|   ;
|   return 0;
| }
configure:5658: result: no
configure:5667: checking for library containing clock_gettime
configure:5698: gcc -o conftest    conftest.c -lm  >&5
configure:5698: $? = 0
configure:5715: result: none required
configure:5739: checking for libevent_core >= 2
configure:5799: result: no
configure:5818: checking for libevent >= 2
configure:5878: result: no
configure:5896: checking for library containing event_init
configure:5927: gcc -o conftest    conftest.c -lm  >&5
/usr/bin/ld: /tmp/cc8D57cW.o: in function `main':
conftest.c:(.text+0xe): undefined reference to `event_init'
collect2: error: ld returned 1 exit status
configure:5927: $? = 1
configure: failed program was:
| /* confdefs.h */
| #define PACKAGE_NAME "tmux"
| #define PACKAGE_TARNAME "tmux"
| #define PACKAGE_VERSION "3.3a"
| #define PACKAGE_STRING "tmux 3.3a"
| #define PACKAGE_BUGREPORT ""
| #define PACKAGE_URL ""
| #define PACKAGE "tmux"
| #define VERSION "3.3a"
| #define STDC_HEADERS 1
| #define HAVE_SYS_TYPES_H 1
| #define HAVE_SYS_STAT_H 1
| #define HAVE_STDLIB_H 1
| #define HAVE_STRING_H 1
| #define HAVE_MEMORY_H 1
| #define HAVE_STRINGS_H 1
| #define HAVE_INTTYPES_H 1
| #define HAVE_STDINT_H 1
| #define HAVE_UNISTD_H 1
| #define __EXTENSIONS__ 1
| #define _ALL_SOURCE 1
| #define _GNU_SOURCE 1
| #define _POSIX_PTHREAD_SEMANTICS 1
| #define _TANDEM_SOURCE 1
| #define HAVE_DIRENT_H 1
| #define HAVE_FCNTL_H 1
| #define HAVE_INTTYPES_H 1
| #define HAVE_PATHS_H 1
| #define HAVE_PTY_H 1
| #define HAVE_STDINT_H 1
| #define HAVE_SYS_DIR_H 1
| #define HAVE_LIBM 1
| #define HAVE_DIRFD 1
| #define HAVE_FLOCK 1
| #define HAVE_PRCTL 1
| #define HAVE_SYSCONF 1
| #define HAVE_ASPRINTF 1
| #define HAVE_CFMAKERAW 1
| #define HAVE_CLOCK_GETTIME 1
| #define HAVE_CLOSEFROM 1
| #define HAVE_EXPLICIT_BZERO 1
| #define HAVE_GETDTABLESIZE 1
| #define HAVE_GETLINE 1
| #define HAVE_MEMMEM 1
| #define HAVE_SETENV 1
| #define HAVE_STRCASESTR 1
| #define HAVE_STRNDUP 1
| #define HAVE_STRSEP 1
| /* end confdefs.h.  */
| 
| /* Override any GCC internal prototype to avoid an error.
|    Use char because int might match the return type of a GCC
|    builtin and then its argument prototype would still apply.  */
| #ifdef __cplusplus
| extern "C"
| #endif
| char event_init ();
| int
| main ()
| {
| return event_init ();
|   ;
|   return 0;
| }
configure:5927: gcc -o conftest    conftest.c -levent_core  -lm  >&5
configure:5927: $? = 0
configure:5944: result: -levent_core
configure:5956: checking event2/event.h usability
configure:5956: gcc -c   conftest.c >&5
configure:5956: $? = 0
configure:5956: result: yes
configure:5956: checking event2/event.h presence
configure:5956: gcc -E  conftest.c
configure:5956: $? = 0
configure:5956: result: yes
configure:5956: checking for event2/event.h
configure:5956: result: yes
configure:5985: checking for tinfo
configure:6045: result: no
configure:6064: checking for ncurses
configure:6124: result: no
configure:6144: checking for ncursesw
configure:6204: result: no
configure:6222: checking for library containing setupterm
configure:6253: gcc -o conftest    conftest.c -levent_core -lm  >&5
/usr/bin/ld: /tmp/cc7XbLvD.o: in function `main':
conftest.c:(.text+0xe): undefined reference to `setupterm'
collect2: error: ld returned 1 exit status
configure:6253: $? = 1
configure: failed program was:
| /* confdefs.h */
| #define PACKAGE_NAME "tmux"
| #define PACKAGE_TARNAME "tmux"
| #define PACKAGE_VERSION "3.3a"
| #define PACKAGE_STRING "tmux 3.3a"
| #define PACKAGE_BUGREPORT ""
| #define PACKAGE_URL ""
| #define PACKAGE "tmux"
| #define VERSION "3.3a"
| #define STDC_HEADERS 1
| #define HAVE_SYS_TYPES_H 1
| #define HAVE_SYS_STAT_H 1
| #define HAVE_STDLIB_H 1
| #define HAVE_STRING_H 1
| #define HAVE_MEMORY_H 1
| #define HAVE_STRINGS_H 1
| #define HAVE_INTTYPES_H 1
| #define HAVE_STDINT_H 1
| #define HAVE_UNISTD_H 1
| #define __EXTENSIONS__ 1
| #define _ALL_SOURCE 1
| #define _GNU_SOURCE 1
| #define _POSIX_PTHREAD_SEMANTICS 1
| #define _TANDEM_SOURCE 1
| #define HAVE_DIRENT_H 1
| #define HAVE_FCNTL_H 1
| #define HAVE_INTTYPES_H 1
| #define HAVE_PATHS_H 1
| #define HAVE_PTY_H 1
| #define HAVE_STDINT_H 1
| #define HAVE_SYS_DIR_H 1
| #define HAVE_LIBM 1
| #define HAVE_DIRFD 1
| #define HAVE_FLOCK 1
| #define HAVE_PRCTL 1
| #define HAVE_SYSCONF 1
| #define HAVE_ASPRINTF 1
| #define HAVE_CFMAKERAW 1
| #define HAVE_CLOCK_GETTIME 1
| #define HAVE_CLOSEFROM 1
| #define HAVE_EXPLICIT_BZERO 1
| #define HAVE_GETDTABLESIZE 1
| #define HAVE_GETLINE 1
| #define HAVE_MEMMEM 1
| #define HAVE_SETENV 1
| #define HAVE_STRCASESTR 1
| #define HAVE_STRNDUP 1
| #define HAVE_STRSEP 1
| #define HAVE_EVENT2_EVENT_H 1
| /* end confdefs.h.  */
| 
| /* Override any GCC internal prototype to avoid an error.
|    Use char because int might match the return type of a GCC
|    builtin and then its argument prototype would still apply.  */
| #ifdef __cplusplus
| extern "C"
| #endif
| char setupterm ();
| int
| main ()
| {
| return setupterm ();
|   ;
|   return 0;
| }
configure:6253: gcc -o conftest    conftest.c -ltinfo  -levent_core -lm  >&5
/usr/bin/ld: cannot find -ltinfo: No such file or directory
collect2: error: ld returned 1 exit status
configure:6253: $? = 1
configure: failed program was:
| /* confdefs.h */
| #define PACKAGE_NAME "tmux"
| #define PACKAGE_TARNAME "tmux"
| #define PACKAGE_VERSION "3.3a"
| #define PACKAGE_STRING "tmux 3.3a"
| #define PACKAGE_BUGREPORT ""
| #define PACKAGE_URL ""
| #define PACKAGE "tmux"
| #define VERSION "3.3a"
| #define STDC_HEADERS 1
| #define HAVE_SYS_TYPES_H 1
| #define HAVE_SYS_STAT_H 1
| #define HAVE_STDLIB_H 1
| #define HAVE_STRING_H 1
| #define HAVE_MEMORY_H 1
| #define HAVE_STRINGS_H 1
| #define HAVE_INTTYPES_H 1
| #define HAVE_STDINT_H 1
| #define HAVE_UNISTD_H 1
| #define __EXTENSIONS__ 1
| #define _ALL_SOURCE 1
| #define _GNU_SOURCE 1
| #define _POSIX_PTHREAD_SEMANTICS 1
| #define _TANDEM_SOURCE 1
| #define HAVE_DIRENT_H 1
| #define HAVE_FCNTL_H 1
| #define HAVE_INTTYPES_H 1
| #define HAVE_PATHS_H 1
| #define HAVE_PTY_H 1
| #define HAVE_STDINT_H 1
| #define HAVE_SYS_DIR_H 1
| #define HAVE_LIBM 1
| #define HAVE_DIRFD 1
| #define HAVE_FLOCK 1
| #define HAVE_PRCTL 1
| #define HAVE_SYSCONF 1
| #define HAVE_ASPRINTF 1
| #define HAVE_CFMAKERAW 1
| #define HAVE_CLOCK_GETTIME 1
| #define HAVE_CLOSEFROM 1
| #define HAVE_EXPLICIT_BZERO 1
| #define HAVE_GETDTABLESIZE 1
| #define HAVE_GETLINE 1
| #define HAVE_MEMMEM 1
| #define HAVE_SETENV 1
| #define HAVE_STRCASESTR 1
| #define HAVE_STRNDUP 1
| #define HAVE_STRSEP 1
| #define HAVE_EVENT2_EVENT_H 1
| /* end confdefs.h.  */
| 
| /* Override any GCC internal prototype to avoid an error.
|    Use char because int might match the return type of a GCC
|    builtin and then its argument prototype would still apply.  */
| #ifdef __cplusplus
| extern "C"
| #endif
| char setupterm ();
| int
| main ()
| {
| return setupterm ();
|   ;
|   return 0;
| }
configure:6253: gcc -o conftest    conftest.c -lncurses  -levent_core -lm  >&5
/usr/bin/ld: cannot find -lncurses: No such file or directory
collect2: error: ld returned 1 exit status
configure:6253: $? = 1
configure: failed program was:
| /* confdefs.h */
| #define PACKAGE_NAME "tmux"
| #define PACKAGE_TARNAME "tmux"
| #define PACKAGE_VERSION "3.3a"
| #define PACKAGE_STRING "tmux 3.3a"
| #define PACKAGE_BUGREPORT ""
| #define PACKAGE_URL ""
| #define PACKAGE "tmux"
| #define VERSION "3.3a"
| #define STDC_HEADERS 1
| #define HAVE_SYS_TYPES_H 1
| #define HAVE_SYS_STAT_H 1
| #define HAVE_STDLIB_H 1
| #define HAVE_STRING_H 1
| #define HAVE_MEMORY_H 1
| #define HAVE_STRINGS_H 1
| #define HAVE_INTTYPES_H 1
| #define HAVE_STDINT_H 1
| #define HAVE_UNISTD_H 1
| #define __EXTENSIONS__ 1
| #define _ALL_SOURCE 1
| #define _GNU_SOURCE 1
| #define _POSIX_PTHREAD_SEMANTICS 1
| #define _TANDEM_SOURCE 1
| #define HAVE_DIRENT_H 1
| #define HAVE_FCNTL_H 1
| #define HAVE_INTTYPES_H 1
| #define HAVE_PATHS_H 1
| #define HAVE_PTY_H 1
| #define HAVE_STDINT_H 1
| #define HAVE_SYS_DIR_H 1
| #define HAVE_LIBM 1
| #define HAVE_DIRFD 1
| #define HAVE_FLOCK 1
| #define HAVE_PRCTL 1
| #define HAVE_SYSCONF 1
| #define HAVE_ASPRINTF 1
| #define HAVE_CFMAKERAW 1
| #define HAVE_CLOCK_GETTIME 1
| #define HAVE_CLOSEFROM 1
| #define HAVE_EXPLICIT_BZERO 1
| #define HAVE_GETDTABLESIZE 1
| #define HAVE_GETLINE 1
| #define HAVE_MEMMEM 1
| #define HAVE_SETENV 1
| #define HAVE_STRCASESTR 1
| #define HAVE_STRNDUP 1
| #define HAVE_STRSEP 1
| #define HAVE_EVENT2_EVENT_H 1
| /* end confdefs.h.  */
| 
| /* Override any GCC internal prototype to avoid an error.
|    Use char because int might match the return type of a GCC
|    builtin and then its argument prototype would still apply.  */
| #ifdef __cplusplus
| extern "C"
| #endif
| char setupterm ();
| int
| main ()
| {
| return setupterm ();
|   ;
|   return 0;
| }
configure:6253: gcc -o conftest    conftest.c -lncursesw  -levent_core -lm  >&5
/usr/bin/ld: cannot find -lncursesw: No such file or directory
collect2: error: ld returned 1 exit status
configure:6253: $? = 1
configure: failed program was:
| /* confdefs.h */
| #define PACKAGE_NAME "tmux"
| #define PACKAGE_TARNAME "tmux"
| #define PACKAGE_VERSION "3.3a"
| #define PACKAGE_STRING "tmux 3.3a"
| #define PACKAGE_BUGREPORT ""
| #define PACKAGE_URL ""
| #define PACKAGE "tmux"
| #define VERSION "3.3a"
| #define STDC_HEADERS 1
| #define HAVE_SYS_TYPES_H 1
| #define HAVE_SYS_STAT_H 1
| #define HAVE_STDLIB_H 1
| #define HAVE_STRING_H 1
| #define HAVE_MEMORY_H 1
| #define HAVE_STRINGS_H 1
| #define HAVE_INTTYPES_H 1
| #define HAVE_STDINT_H 1
| #define HAVE_UNISTD_H 1
| #define __EXTENSIONS__ 1
| #define _ALL_SOURCE 1
| #define _GNU_SOURCE 1
| #define _POSIX_PTHREAD_SEMANTICS 1
| #define _TANDEM_SOURCE 1
| #define HAVE_DIRENT_H 1
| #define HAVE_FCNTL_H 1
| #define HAVE_INTTYPES_H 1
| #define HAVE_PATHS_H 1
| #define HAVE_PTY_H 1
| #define HAVE_STDINT_H 1
| #define HAVE_SYS_DIR_H 1
| #define HAVE_LIBM 1
| #define HAVE_DIRFD 1
| #define HAVE_FLOCK 1
| #define HAVE_PRCTL 1
| #define HAVE_SYSCONF 1
| #define HAVE_ASPRINTF 1
| #define HAVE_CFMAKERAW 1
| #define HAVE_CLOCK_GETTIME 1
| #define HAVE_CLOSEFROM 1
| #define HAVE_EXPLICIT_BZERO 1
| #define HAVE_GETDTABLESIZE 1
| #define HAVE_GETLINE 1
| #define HAVE_MEMMEM 1
| #define HAVE_SETENV 1
| #define HAVE_STRCASESTR 1
| #define HAVE_STRNDUP 1
| #define HAVE_STRSEP 1
| #define HAVE_EVENT2_EVENT_H 1
| /* end confdefs.h.  */
| 
| /* Override any GCC internal prototype to avoid an error.
|    Use char because int might match the return type of a GCC
|    builtin and then its argument prototype would still apply.  */
| #ifdef __cplusplus
| extern "C"
| #endif
| char setupterm ();
| int
| main ()
| {
| return setupterm ();
|   ;
|   return 0;
| }
configure:6270: result: no
configure:6298: checking for setupterm in -lcurses
configure:6323: gcc -o conftest    conftest.c -lcurses  -levent_core -lm  >&5
/usr/bin/ld: cannot find -lcurses: No such file or directory
collect2: error: ld returned 1 exit status
configure:6323: $? = 1
configure: failed program was:
| /* confdefs.h */
| #define PACKAGE_NAME "tmux"
| #define PACKAGE_TARNAME "tmux"
| #define PACKAGE_VERSION "3.3a"
| #define PACKAGE_STRING "tmux 3.3a"
| #define PACKAGE_BUGREPORT ""
| #define PACKAGE_URL ""
| #define PACKAGE "tmux"
| #define VERSION "3.3a"
| #define STDC_HEADERS 1
| #define HAVE_SYS_TYPES_H 1
| #define HAVE_SYS_STAT_H 1
| #define HAVE_STDLIB_H 1
| #define HAVE_STRING_H 1
| #define HAVE_MEMORY_H 1
| #define HAVE_STRINGS_H 1
| #define HAVE_INTTYPES_H 1
| #define HAVE_STDINT_H 1
| #define HAVE_UNISTD_H 1
| #define __EXTENSIONS__ 1
| #define _ALL_SOURCE 1
| #define _GNU_SOURCE 1
| #define _POSIX_PTHREAD_SEMANTICS 1
| #define _TANDEM_SOURCE 1
| #define HAVE_DIRENT_H 1
| #define HAVE_FCNTL_H 1
| #define HAVE_INTTYPES_H 1
| #define HAVE_PATHS_H 1
| #define HAVE_PTY_H 1
| #define HAVE_STDINT_H 1
| #define HAVE_SYS_DIR_H 1
| #define HAVE_LIBM 1
| #define HAVE_DIRFD 1
| #define HAVE_FLOCK 1
| #define HAVE_PRCTL 1
| #define HAVE_SYSCONF 1
| #define HAVE_ASPRINTF 1
| #define HAVE_CFMAKERAW 1
| #define HAVE_CLOCK_GETTIME 1
| #define HAVE_CLOSEFROM 1
| #define HAVE_EXPLICIT_BZERO 1
| #define HAVE_GETDTABLESIZE 1
| #define HAVE_GETLINE 1
| #define HAVE_MEMMEM 1
| #define HAVE_SETENV 1
| #define HAVE_STRCASESTR 1
| #define HAVE_STRNDUP 1
| #define HAVE_STRSEP 1
| #define HAVE_EVENT2_EVENT_H 1
| /* end confdefs.h.  */
| 
| /* Override any GCC internal prototype to avoid an error.
|    Use char because int might match the return type of a GCC
|    builtin and then its argument prototype would still apply.  */
| #ifdef __cplusplus
| extern "C"
| #endif
| char setupterm ();
| int
| main ()
| {
| return setupterm ();
|   ;
|   return 0;
| }
configure:6332: result: no
configure:6341: checking curses.h usability
configure:6341: gcc -c   conftest.c >&5
conftest.c:84:10: fatal error: curses.h: No such file or directory
   84 | #include <curses.h>
      |          ^~~~~~~~~~
compilation terminated.
configure:6341: $? = 1
configure: failed program was:
| /* confdefs.h */
| #define PACKAGE_NAME "tmux"
| #define PACKAGE_TARNAME "tmux"
| #define PACKAGE_VERSION "3.3a"
| #define PACKAGE_STRING "tmux 3.3a"
| #define PACKAGE_BUGREPORT ""
| #define PACKAGE_URL ""
| #define PACKAGE "tmux"
| #define VERSION "3.3a"
| #define STDC_HEADERS 1
| #define HAVE_SYS_TYPES_H 1
| #define HAVE_SYS_STAT_H 1
| #define HAVE_STDLIB_H 1
| #define HAVE_STRING_H 1
| #define HAVE_MEMORY_H 1
| #define HAVE_STRINGS_H 1
| #define HAVE_INTTYPES_H 1
| #define HAVE_STDINT_H 1
| #define HAVE_UNISTD_H 1
| #define __EXTENSIONS__ 1
| #define _ALL_SOURCE 1
| #define _GNU_SOURCE 1
| #define _POSIX_PTHREAD_SEMANTICS 1
| #define _TANDEM_SOURCE 1
| #define HAVE_DIRENT_H 1
| #define HAVE_FCNTL_H 1
| #define HAVE_INTTYPES_H 1
| #define HAVE_PATHS_H 1
| #define HAVE_PTY_H 1
| #define HAVE_STDINT_H 1
| #define HAVE_SYS_DIR_H 1
| #define HAVE_LIBM 1
| #define HAVE_DIRFD 1
| #define HAVE_FLOCK 1
| #define HAVE_PRCTL 1
| #define HAVE_SYSCONF 1
| #define HAVE_ASPRINTF 1
| #define HAVE_CFMAKERAW 1
| #define HAVE_CLOCK_GETTIME 1
| #define HAVE_CLOSEFROM 1
| #define HAVE_EXPLICIT_BZERO 1
| #define HAVE_GETDTABLESIZE 1
| #define HAVE_GETLINE 1
| #define HAVE_MEMMEM 1
| #define HAVE_SETENV 1
| #define HAVE_STRCASESTR 1
| #define HAVE_STRNDUP 1
| #define HAVE_STRSEP 1
| #define HAVE_EVENT2_EVENT_H 1
| /* end confdefs.h.  */
| #include <stdio.h>
| #ifdef HAVE_SYS_TYPES_H
| # include <sys/types.h>
| #endif
| #ifdef HAVE_SYS_STAT_H
| # include <sys/stat.h>
| #endif
| #ifdef STDC_HEADERS
| # include <stdlib.h>
| # include <stddef.h>
| #else
| # ifdef HAVE_STDLIB_H
| #  include <stdlib.h>
| # endif
| #endif
| #ifdef HAVE_STRING_H
| # if !defined STDC_HEADERS && defined HAVE_MEMORY_H
| #  include <memory.h>
| # endif
| # include <string.h>
| #endif
| #ifdef HAVE_STRINGS_H
| # include <strings.h>
| #endif
| #ifdef HAVE_INTTYPES_H
| # include <inttypes.h>
| #endif
| #ifdef HAVE_STDINT_H
| # include <stdint.h>
| #endif
| #ifdef HAVE_UNISTD_H
| # include <unistd.h>
| #endif
| #include <curses.h>
configure:6341: result: no
configure:6341: checking curses.h presence
configure:6341: gcc -E  conftest.c
conftest.c:51:10: fatal error: curses.h: No such file or directory
   51 | #include <curses.h>
      |          ^~~~~~~~~~
compilation terminated.
configure:6341: $? = 1
configure: failed program was:
| /* confdefs.h */
| #define PACKAGE_NAME "tmux"
| #define PACKAGE_TARNAME "tmux"
| #define PACKAGE_VERSION "3.3a"
| #define PACKAGE_STRING "tmux 3.3a"
| #define PACKAGE_BUGREPORT ""
| #define PACKAGE_URL ""
| #define PACKAGE "tmux"
| #define VERSION "3.3a"
| #define STDC_HEADERS 1
| #define HAVE_SYS_TYPES_H 1
| #define HAVE_SYS_STAT_H 1
| #define HAVE_STDLIB_H 1
| #define HAVE_STRING_H 1
| #define HAVE_MEMORY_H 1
| #define HAVE_STRINGS_H 1
| #define HAVE_INTTYPES_H 1
| #define HAVE_STDINT_H 1
| #define HAVE_UNISTD_H 1
| #define __EXTENSIONS__ 1
| #define _ALL_SOURCE 1
| #define _GNU_SOURCE 1
| #define _POSIX_PTHREAD_SEMANTICS 1
| #define _TANDEM_SOURCE 1
| #define HAVE_DIRENT_H 1
| #define HAVE_FCNTL_H 1
| #define HAVE_INTTYPES_H 1
| #define HAVE_PATHS_H 1
| #define HAVE_PTY_H 1
| #define HAVE_STDINT_H 1
| #define HAVE_SYS_DIR_H 1
| #define HAVE_LIBM 1
| #define HAVE_DIRFD 1
| #define HAVE_FLOCK 1
| #define HAVE_PRCTL 1
| #define HAVE_SYSCONF 1
| #define HAVE_ASPRINTF 1
| #define HAVE_CFMAKERAW 1
| #define HAVE_CLOCK_GETTIME 1
| #define HAVE_CLOSEFROM 1
| #define HAVE_EXPLICIT_BZERO 1
| #define HAVE_GETDTABLESIZE 1
| #define HAVE_GETLINE 1
| #define HAVE_MEMMEM 1
| #define HAVE_SETENV 1
| #define HAVE_STRCASESTR 1
| #define HAVE_STRNDUP 1
| #define HAVE_STRSEP 1
| #define HAVE_EVENT2_EVENT_H 1
| /* end confdefs.h.  */
| #include <curses.h>
configure:6341: result: no
configure:6341: checking for curses.h
configure:6341: result: no
configure:6356: error: "curses not found"

## ---------------- ##
## Cache variables. ##
## ---------------- ##

ac_cv_build=x86_64-pc-linux-gnu
ac_cv_c_compiler_gnu=yes
ac_cv_env_CC_set=
ac_cv_env_CC_value=
ac_cv_env_CFLAGS_set=
ac_cv_env_CFLAGS_value=
ac_cv_env_CPPFLAGS_set=
ac_cv_env_CPPFLAGS_value=
ac_cv_env_CPP_set=
ac_cv_env_CPP_value=
ac_cv_env_FUZZING_LIBS_set=
ac_cv_env_FUZZING_LIBS_value=
ac_cv_env_LDFLAGS_set=
ac_cv_env_LDFLAGS_value=
ac_cv_env_LIBEVENT_CFLAGS_set=
ac_cv_env_LIBEVENT_CFLAGS_value=
ac_cv_env_LIBEVENT_CORE_CFLAGS_set=
ac_cv_env_LIBEVENT_CORE_CFLAGS_value=
ac_cv_env_LIBEVENT_CORE_LIBS_set=
ac_cv_env_LIBEVENT_CORE_LIBS_value=
ac_cv_env_LIBEVENT_LIBS_set=
ac_cv_env_LIBEVENT_LIBS_value=
ac_cv_env_LIBNCURSESW_CFLAGS_set=
ac_cv_env_LIBNCURSESW_CFLAGS_value=
ac_cv_env_LIBNCURSESW_LIBS_set=
ac_cv_env_LIBNCURSESW_LIBS_value=
ac_cv_env_LIBNCURSES_CFLAGS_set=
ac_cv_env_LIBNCURSES_CFLAGS_value=
ac_cv_env_LIBNCURSES_LIBS_set=
ac_cv_env_LIBNCURSES_LIBS_value=
ac_cv_env_LIBS_set=
ac_cv_env_LIBS_value=
ac_cv_env_LIBTINFO_CFLAGS_set=
ac_cv_env_LIBTINFO_CFLAGS_value=
ac_cv_env_LIBTINFO_LIBS_set=
ac_cv_env_LIBTINFO_LIBS_value=
ac_cv_env_PKG_CONFIG_LIBDIR_set=
ac_cv_env_PKG_CONFIG_LIBDIR_value=
ac_cv_env_PKG_CONFIG_PATH_set=
ac_cv_env_PKG_CONFIG_PATH_value=
ac_cv_env_PKG_CONFIG_set=
ac_cv_env_PKG_CONFIG_value=
ac_cv_env_SYSTEMD_CFLAGS_set=
ac_cv_env_SYSTEMD_CFLAGS_value=
ac_cv_env_SYSTEMD_LIBS_set=
ac_cv_env_SYSTEMD_LIBS_value=
ac_cv_env_YACC_set=
ac_cv_env_YACC_value=
ac_cv_env_YFLAGS_set=
ac_cv_env_YFLAGS_value=
ac_cv_env_build_alias_set=
ac_cv_env_build_alias_value=
ac_cv_env_host_alias_set=
ac_cv_env_host_alias_value=
ac_cv_env_target_alias_set=
ac_cv_env_target_alias_value=
ac_cv_func_asprintf=yes
ac_cv_func_cfmakeraw=yes
ac_cv_func_clock_gettime=yes
ac_cv_func_closefrom=yes
ac_cv_func_dirfd=yes
ac_cv_func_explicit_bzero=yes
ac_cv_func_fgetln=no
ac_cv_func_flock=yes
ac_cv_func_freezero=no
ac_cv_func_getdtablecount=no
ac_cv_func_getdtablesize=yes
ac_cv_func_getline=yes
ac_cv_func_getpeereid=no
ac_cv_func_getpeerucred=no
ac_cv_func_getprogname=no
ac_cv_func_memmem=yes
ac_cv_func_prctl=yes
ac_cv_func_proc_pidinfo=no
ac_cv_func_setenv=yes
ac_cv_func_setproctitle=no
ac_cv_func_strcasestr=yes
ac_cv_func_strlcat=no
ac_cv_func_strlcpy=no
ac_cv_func_strndup=yes
ac_cv_func_strnlen_working=yes
ac_cv_func_strsep=yes
ac_cv_func_sysconf=yes
ac_cv_header_bitstring_h=no
ac_cv_header_curses_h=no
ac_cv_header_dirent_h=yes
ac_cv_header_event2_event_h=yes
ac_cv_header_fcntl_h=yes
ac_cv_header_inttypes_h=yes
ac_cv_header_libproc_h=no
ac_cv_header_libutil_h=no
ac_cv_header_memory_h=yes
ac_cv_header_minix_config_h=no
ac_cv_header_ndir_h=no
ac_cv_header_paths_h=yes
ac_cv_header_pty_h=yes
ac_cv_header_stdc=yes
ac_cv_header_stdint_h=yes
ac_cv_header_stdlib_h=yes
ac_cv_header_string_h=yes
ac_cv_header_strings_h=yes
ac_cv_header_sys_dir_h=yes
ac_cv_header_sys_ndir_h=no
ac_cv_header_sys_stat_h=yes
ac_cv_header_sys_tree_h=no
ac_cv_header_sys_types_h=yes
ac_cv_header_ucred_h=no
ac_cv_header_unistd_h=yes
ac_cv_header_util_h=no
ac_cv_host=x86_64-pc-linux-gnu
ac_cv_lib_curses_setupterm=no
ac_cv_lib_m_fmod=yes
ac_cv_objext=o
ac_cv_path_EGREP='/usr/bin/grep -E'
ac_cv_path_GREP=/usr/bin/grep
ac_cv_path_install='/usr/bin/install -c'
ac_cv_path_mkdir=/usr/bin/mkdir
ac_cv_prog_AWK=mawk
ac_cv_prog_CPP='gcc -E'
ac_cv_prog_ac_ct_CC=gcc
ac_cv_prog_cc_c89=
ac_cv_prog_cc_c99=
ac_cv_prog_cc_g=yes
ac_cv_prog_make_make_set=yes
ac_cv_safe_to_define___extensions__=yes
ac_cv_search_clock_gettime='none required'
ac_cv_search_event_init=-levent_core
ac_cv_search_flock='none required'
ac_cv_search_setupterm=no
ac_cv_search_sys_signame=no
am_cv_CC_dependencies_compiler_type=gcc3
am_cv_make_support_nested_variables=yes
am_cv_prog_cc_c_o=yes

## ----------------- ##
## Output variables. ##
## ----------------- ##

ACLOCAL='${SHELL} /opt/data/private/_HypoSpace/3d/tmux-3.3a/etc/missing aclocal-1.15'
AMDEPBACKSLASH='\'
AMDEP_FALSE='#'
AMDEP_TRUE=''
AMTAR='$${TAR-tar}'
AM_BACKSLASH='\'
AM_CFLAGS=''
AM_CPPFLAGS=''
AM_DEFAULT_V='$(AM_DEFAULT_VERBOSITY)'
AM_DEFAULT_VERBOSITY='1'
AM_LDFLAGS=''
AM_V='$(V)'
AUTOCONF='${SHELL} /opt/data/private/_HypoSpace/3d/tmux-3.3a/etc/missing autoconf'
AUTOHEADER='${SHELL} /opt/data/private/_HypoSpace/3d/tmux-3.3a/etc/missing autoheader'
AUTOMAKE='${SHELL} /opt/data/private/_HypoSpace/3d/tmux-3.3a/etc/missing automake-1.15'
AWK='mawk'
CC='gcc'
CCDEPMODE='depmode=gcc3'
CFLAGS=''
CPP='gcc -E'
CPPFLAGS=''
CYGPATH_W='echo'
DEFAULT_TERM=''
DEFS=''
DEPDIR='.deps'
ECHO_C=''
ECHO_N='-n'
ECHO_T=''
EGREP='/usr/bin/grep -E'
EXEEXT=''
FUZZING_LIBS=''
GREP='/usr/bin/grep'
HAVE_SYSTEMD_FALSE=''
HAVE_SYSTEMD_TRUE=''
HAVE_UTF8PROC_FALSE=''
HAVE_UTF8PROC_TRUE=''
INSTALL_DATA='${INSTALL} -m 644'
INSTALL_PROGRAM='${INSTALL}'
INSTALL_SCRIPT='${INSTALL}'
INSTALL_STRIP_PROGRAM='$(install_sh) -c -s'
IS_AIX_FALSE=''
IS_AIX_TRUE=''
IS_DARWIN_FALSE=''
IS_DARWIN_TRUE=''
IS_DEBUG_FALSE=''
IS_DEBUG_TRUE='#'
IS_DRAGONFLY_FALSE=''
IS_DRAGONFLY_TRUE=''
IS_FREEBSD_FALSE=''
IS_FREEBSD_TRUE=''
IS_GCC_FALSE='#'
IS_GCC_TRUE=''
IS_HAIKU_FALSE=''
IS_HAIKU_TRUE=''
IS_HPUX_FALSE=''
IS_HPUX_TRUE=''
IS_LINUX_FALSE=''
IS_LINUX_TRUE=''
IS_NETBSD_FALSE=''
IS_NETBSD_TRUE=''
IS_OPENBSD_FALSE=''
IS_OPENBSD_TRUE=''
IS_SUNCC_FALSE=''
IS_SUNCC_TRUE='#'
IS_SUNOS_FALSE=''
IS_SUNOS_TRUE=''
IS_UNKNOWN_FALSE=''
IS_UNKNOWN_TRUE=''
LDFLAGS=''
LIBEVENT_CFLAGS=''
LIBEVENT_CORE_CFLAGS=''
LIBEVENT_CORE_LIBS=''
LIBEVENT_LIBS=''
LIBNCURSESW_CFLAGS=''
LIBNCURSESW_LIBS=''
LIBNCURSES_CFLAGS=''
LIBNCURSES_LIBS=''
LIBOBJS=' fgetln.o freezero.o getdtablecount.o getpeereid.o getprogname.o setproctitle.o strlcat.o strlcpy.o strtonum.o recallocarray.o getopt.o'
LIBS='-levent_core -lm '
LIBTINFO_CFLAGS=''
LIBTINFO_LIBS=''
LTLIBOBJS=''
MAKEINFO='${SHELL} /opt/data/private/_HypoSpace/3d/tmux-3.3a/etc/missing makeinfo'
MANFORMAT=''
MKDIR_P='/usr/bin/mkdir -p'
NEED_FORKPTY_FALSE=''
NEED_FORKPTY_TRUE=''
NEED_FUZZING_FALSE=''
NEED_FUZZING_TRUE='#'
OBJEXT='o'
PACKAGE='tmux'
PACKAGE_BUGREPORT=''
PACKAGE_NAME='tmux'
PACKAGE_STRING='tmux 3.3a'
PACKAGE_TARNAME='tmux'
PACKAGE_URL=''
PACKAGE_VERSION='3.3a'
PATH_SEPARATOR=':'
PKG_CONFIG=''
PKG_CONFIG_LIBDIR=''
PKG_CONFIG_PATH=''
PLATFORM='linux'
SET_MAKE=''
SHELL='/bin/bash'
STRIP=''
SYSTEMD_CFLAGS=''
SYSTEMD_LIBS=''
VERSION='3.3a'
XOPEN_DEFINES=''
YACC='yacc'
YFLAGS=''
ac_ct_CC='gcc'
am__EXEEXT_FALSE=''
am__EXEEXT_TRUE=''
am__fastdepCC_FALSE='#'
am__fastdepCC_TRUE=''
am__include='include'
am__isrc=''
am__leading_dot='.'
am__nodep='_no'
am__quote=''
am__tar='$${TAR-tar} chof - "$$tardir"'
am__untar='$${TAR-tar} xf -'
bindir='${exec_prefix}/bin'
build='x86_64-pc-linux-gnu'
build_alias=''
build_cpu='x86_64'
build_os='linux-gnu'
build_vendor='pc'
datadir='${datarootdir}'
datarootdir='${prefix}/share'
docdir='${datarootdir}/doc/${PACKAGE_TARNAME}'
dvidir='${docdir}'
exec_prefix='NONE'
host='x86_64-pc-linux-gnu'
host_alias=''
host_cpu='x86_64'
host_os='linux-gnu'
host_vendor='pc'
htmldir='${docdir}'
includedir='${prefix}/include'
infodir='${datarootdir}/info'
install_sh='${SHELL} /opt/data/private/_HypoSpace/3d/tmux-3.3a/etc/install-sh'
libdir='${exec_prefix}/lib'
libexecdir='${exec_prefix}/libexec'
localedir='${datarootdir}/locale'
localstatedir='${prefix}/var'
mandir='${datarootdir}/man'
mkdir_p='$(MKDIR_P)'
oldincludedir='/usr/include'
pdfdir='${docdir}'
prefix='/root/local'
program_transform_name='s,x,x,'
psdir='${docdir}'
runstatedir='${localstatedir}/run'
sbindir='${exec_prefix}/sbin'
sharedstatedir='${prefix}/com'
sysconfdir='/etc'
target_alias=''

## ----------- ##
## confdefs.h. ##
## ----------- ##

/* confdefs.h */
#define PACKAGE_NAME "tmux"
#define PACKAGE_TARNAME "tmux"
#define PACKAGE_VERSION "3.3a"
#define PACKAGE_STRING "tmux 3.3a"
#define PACKAGE_BUGREPORT ""
#define PACKAGE_URL ""
#define PACKAGE "tmux"
#define VERSION "3.3a"
#define STDC_HEADERS 1
#define HAVE_SYS_TYPES_H 1
#define HAVE_SYS_STAT_H 1
#define HAVE_STDLIB_H 1
#define HAVE_STRING_H 1
#define HAVE_MEMORY_H 1
#define HAVE_STRINGS_H 1
#define HAVE_INTTYPES_H 1
#define HAVE_STDINT_H 1
#define HAVE_UNISTD_H 1
#define __EXTENSIONS__ 1
#define _ALL_SOURCE 1
#define _GNU_SOURCE 1
#define _POSIX_PTHREAD_SEMANTICS 1
#define _TANDEM_SOURCE 1
#define HAVE_DIRENT_H 1
#define HAVE_FCNTL_H 1
#define HAVE_INTTYPES_H 1
#define HAVE_PATHS_H 1
#define HAVE_PTY_H 1
#define HAVE_STDINT_H 1
#define HAVE_SYS_DIR_H 1
#define HAVE_LIBM 1
#define HAVE_DIRFD 1
#define HAVE_FLOCK 1
#define HAVE_PRCTL 1
#define HAVE_SYSCONF 1
#define HAVE_ASPRINTF 1
#define HAVE_CFMAKERAW 1
#define HAVE_CLOCK_GETTIME 1
#define HAVE_CLOSEFROM 1
#define HAVE_EXPLICIT_BZERO 1
#define HAVE_GETDTABLESIZE 1
#define HAVE_GETLINE 1
#define HAVE_MEMMEM 1
#define HAVE_SETENV 1
#define HAVE_STRCASESTR 1
#define HAVE_STRNDUP 1
#define HAVE_STRSEP 1
#define HAVE_EVENT2_EVENT_H 1

configure: exit 1
